#
# There is insufficient memory for the Java Runtime Environment to continue.
# Native memory allocation (mmap) failed to map 175112192 bytes for Failed to commit area from 0x0000000090500000 to 0x000000009ac00000 of length 175112192.
# Possible reasons:
#   The system is out of physical RAM or swap space
#   The process is running with CompressedOops enabled, and the Java Heap may be blocking the growth of the native heap
# Possible solutions:
#   Reduce memory load on the system
#   Increase physical memory or swap space
#   Check if swap backing store is full
#   Decrease Java heap size (-Xmx/-Xms)
#   Decrease number of Java threads
#   Decrease Java thread stack sizes (-Xss)
#   Set larger code cache with -XX:ReservedCodeCacheSize=
#   JVM is running with Unscaled Compressed Oops mode in which the Java heap is
#     placed in the first 4GB address space. The Java Heap base address is the
#     maximum limit for the native heap growth. Please use -XX:HeapBaseMinAddress
#     to set the Java Heap base and to place the Java Heap above 4GB virtual address.
# This output file may be truncated or incomplete.
#
#  Out of Memory Error (./src/hotspot/os/windows/os_windows.cpp:3619), pid=10480, tid=5528
#
# JRE version: OpenJDK Runtime Environment (11.0.13) (build 11.0.13+0-b1751.21-8125866)
# Java VM: OpenJDK 64-Bit Server VM (11.0.13+0-b1751.21-8125866, mixed mode, tiered, compressed oops, g1 gc, windows-amd64)
# No core dump will be written. Minidumps are not enabled by default on client versions of Windows
#

---------------  S U M M A R Y ------------

Command Line: --add-opens=java.base/java.util=ALL-UNNAMED --add-opens=java.base/java.lang=ALL-UNNAMED --add-opens=java.base/java.lang.invoke=ALL-UNNAMED --add-opens=java.base/java.util=ALL-UNNAMED --add-opens=java.prefs/java.util.prefs=ALL-UNNAMED --add-opens=java.prefs/java.util.prefs=ALL-UNNAMED --add-opens=java.base/java.nio.charset=ALL-UNNAMED --add-opens=java.base/java.net=ALL-UNNAMED --add-opens=java.base/java.util.concurrent.atomic=ALL-UNNAMED -Xmx2048m -Dfile.encoding=UTF-8 -Duser.country=RU -Duser.language=ru -Duser.variant org.gradle.launcher.daemon.bootstrap.GradleDaemon 7.3.3

Host: 11th Gen Intel(R) Core(TM) i5-1155G7 @ 2.50GHz, 8 cores, 7G,  Windows 11 , 64 bit Build 22621 (10.0.22621.755)
Time: Tue Dec  6 14:11:15 2022 RTZ 2 (зима) elapsed time: 12.612293 seconds (0d 0h 0m 12s)

---------------  T H R E A D  ---------------

Current thread (0x000001eef401e000):  VMThread "VM Thread" [stack: 0x000000da08800000,0x000000da08900000] [id=5528]

Stack: [0x000000da08800000,0x000000da08900000]
[error occurred during error reporting (printing stack bounds), id 0xc0000005, EXCEPTION_ACCESS_VIOLATION (0xc0000005) at pc=0x000001eedd6a12e7]

Native frames: (J=compiled Java code, j=interpreted, Vv=VM code, C=native code)
V  [jvm.dll+0x6100fa]
V  [jvm.dll+0x747090]
V  [jvm.dll+0x7486ad]
V  [jvm.dll+0x748ce5]
V  [jvm.dll+0x748c9b]
V  [jvm.dll+0x60f224]
V  [jvm.dll+0x60f9b8]
C  [ntdll.dll+0xa3eaf]
C  [ntdll.dll+0x1eae6]
C  [ntdll.dll+0xa2e9e]
C  0x000001eedd6a12e7

VM_Operation (0x000000da0ebf9020): G1CollectForAllocation, mode: safepoint, requested by thread 0x000001eefa819000


---------------  P R O C E S S  ---------------

Threads class SMR info:
_java_thread_list=0x000001eefbfd3120, length=135, elements={
0x000001eed9b86800, 0x000001eef4023000, 0x000001eef4026000, 0x000001eef49a9800,
0x000001eef49ac800, 0x000001eef49ae000, 0x000001eef49b2000, 0x000001eef403a000,
0x000001eef403c000, 0x000001eef4b0f800, 0x000001eef6420000, 0x000001eef6158800,
0x000001eef6af0800, 0x000001eef53e9000, 0x000001eef648b000, 0x000001eef6bf0800,
0x000001eef59d8800, 0x000001eef6468000, 0x000001eef59d9800, 0x000001eef59c4800,
0x000001eef6bb9000, 0x000001eef6bba000, 0x000001eef6bb5000, 0x000001eef6bb4800,
0x000001eef6bbb000, 0x000001eef6bb7800, 0x000001eef6bb6000, 0x000001eef6bb7000,
0x000001eef6bb8800, 0x000001eef78bc000, 0x000001eef71de800, 0x000001eef78bc800,
0x000001eef78bf000, 0x000001eef78be800, 0x000001eef78c0000, 0x000001eef78ba800,
0x000001eef78c1000, 0x000001eef78bb000, 0x000001eef78c5000, 0x000001eef78c2800,
0x000001eef78c3800, 0x000001eef78c4000, 0x000001eef78c5800, 0x000001eef78c7800,
0x000001eef78c1800, 0x000001eef78c6800, 0x000001eef78c8000, 0x000001eef78c9000,
0x000001eef8f2f000, 0x000001eef8f2c800, 0x000001eef8f2d000, 0x000001eef8f2e000,
0x000001eef8f29000, 0x000001eef8f2f800, 0x000001eef8f2a000, 0x000001eef8f30800,
0x000001eef8f2a800, 0x000001eef8f31800, 0x000001eef8f2b800, 0x000001eef8f33800,
0x000001eef8f36000, 0x000001eef8f35800, 0x000001eef8f34800, 0x000001eef8f37000,
0x000001eef8f38000, 0x000001eef8f33000, 0x000001eef8f32000, 0x000001eefab0d800,
0x000001eefab0e000, 0x000001eefab0f000, 0x000001eefab09800, 0x000001eefab10000,
0x000001eefab0a000, 0x000001eefab10800, 0x000001eefab0b800, 0x000001eefab0c800,
0x000001eefab0b000, 0x000001eefab14800, 0x000001eefab12800, 0x000001eefab11800,
0x000001eefab15800, 0x000001eefab14000, 0x000001eefab16800, 0x000001eefab17000,
0x000001eefab18000, 0x000001eefab13000, 0x000001eefa81a000, 0x000001eefa817800,
0x000001eefa818000, 0x000001eefa815800, 0x000001eefa819000, 0x000001eefa814000,
0x000001eefa81a800, 0x000001eefa815000, 0x000001eefa81b800, 0x000001eefa81c000,
0x000001eefa816800, 0x000001eefa820800, 0x000001eefa821000, 0x000001eefa822000,
0x000001eefa823000, 0x000001eefa81d000, 0x000001eefa81e000, 0x000001eefa81e800,
0x000001eefa81f800, 0x000001eefaf4d000, 0x000001eefaf4a800, 0x000001eefaf4c000,
0x000001eefaf49000, 0x000001eefaf4b800, 0x000001eefaf4e000, 0x000001eefaf4e800,
0x000001eefaf4f800, 0x000001eefaf49800, 0x000001eefaf56000, 0x000001eefaf50800,
0x000001eefaf57000, 0x000001eefaf53800, 0x000001eefaf51000, 0x000001eefaf57800,
0x000001eefaf52000, 0x000001eefaf54800, 0x000001eefaf52800, 0x000001eefcb61000,
0x000001eefcb5f800, 0x000001eefcb60000, 0x000001eefcb5d800, 0x000001eefcb5b800,
0x000001eefcb62000, 0x000001eefcb5e800, 0x000001eefcb5c000, 0x000001eefcb62800,
0x000001eefcb5d000, 0x000001eefcb68800, 0x000001eefcb65000
}

Java Threads: ( => current thread )
  0x000001eed9b86800 JavaThread "main" [_thread_blocked, id=6408, stack(0x000000da08200000,0x000000da08300000)]
  0x000001eef4023000 JavaThread "Reference Handler" daemon [_thread_blocked, id=1740, stack(0x000000da08900000,0x000000da08a00000)]
  0x000001eef4026000 JavaThread "Finalizer" daemon [_thread_blocked, id=2160, stack(0x000000da08a00000,0x000000da08b00000)]
  0x000001eef49a9800 JavaThread "Signal Dispatcher" daemon [_thread_blocked, id=3184, stack(0x000000da08b00000,0x000000da08c00000)]
  0x000001eef49ac800 JavaThread "Attach Listener" daemon [_thread_blocked, id=6892, stack(0x000000da08c00000,0x000000da08d00000)]
  0x000001eef49ae000 JavaThread "Service Thread" daemon [_thread_blocked, id=5076, stack(0x000000da08d00000,0x000000da08e00000)]
  0x000001eef49b2000 JavaThread "C2 CompilerThread0" daemon [_thread_blocked, id=5876, stack(0x000000da08e00000,0x000000da08f00000)]
  0x000001eef403a000 JavaThread "C1 CompilerThread0" daemon [_thread_blocked, id=9608, stack(0x000000da08f00000,0x000000da09000000)]
  0x000001eef403c000 JavaThread "Sweeper thread" daemon [_thread_blocked, id=2024, stack(0x000000da09000000,0x000000da09100000)]
  0x000001eef4b0f800 JavaThread "Common-Cleaner" daemon [_thread_blocked, id=10008, stack(0x000000da09100000,0x000000da09200000)]
  0x000001eef6420000 JavaThread "Daemon health stats" [_thread_blocked, id=2524, stack(0x000000da09400000,0x000000da09500000)]
  0x000001eef6158800 JavaThread "Incoming local TCP Connector on port 51471" [_thread_in_native, id=2988, stack(0x000000da09500000,0x000000da09600000)]
  0x000001eef6af0800 JavaThread "Daemon periodic checks" [_thread_blocked, id=9684, stack(0x000000da09600000,0x000000da09700000)]
  0x000001eef53e9000 JavaThread "Daemon" [_thread_blocked, id=2640, stack(0x000000da09700000,0x000000da09800000)]
  0x000001eef648b000 JavaThread "Handler for socket connection from /127.0.0.1:51471 to /127.0.0.1:51472" [_thread_in_native, id=5052, stack(0x000000da09800000,0x000000da09900000)]
  0x000001eef6bf0800 JavaThread "Cancel handler" [_thread_blocked, id=9168, stack(0x000000da09900000,0x000000da09a00000)]
  0x000001eef59d8800 JavaThread "Daemon worker" [_thread_blocked, id=5692, stack(0x000000da09a00000,0x000000da09b00000)]
  0x000001eef6468000 JavaThread "Asynchronous log dispatcher for DefaultDaemonConnection: socket connection from /127.0.0.1:51471 to /127.0.0.1:51472" [_thread_blocked, id=10596, stack(0x000000da09b00000,0x000000da09c00000)]
  0x000001eef59d9800 JavaThread "Stdin handler" [_thread_blocked, id=8844, stack(0x000000da09c00000,0x000000da09d00000)]
  0x000001eef59c4800 JavaThread "Daemon client event forwarder" [_thread_blocked, id=9336, stack(0x000000da09d00000,0x000000da09e00000)]
  0x000001eef6bb9000 JavaThread "Cache worker for journal cache (C:\Users\Sergey\.gradle\caches\journal-1)" [_thread_blocked, id=2320, stack(0x000000da0a400000,0x000000da0a500000)]
  0x000001eef6bba000 JavaThread "File lock request listener" [_thread_in_native, id=11048, stack(0x000000da0a500000,0x000000da0a600000)]
  0x000001eef6bb5000 JavaThread "Cache worker for file hash cache (C:\Users\Sergey\.gradle\caches\7.3.3\fileHashes)" [_thread_blocked, id=8476, stack(0x000000da0a600000,0x000000da0a700000)]
  0x000001eef6bb4800 JavaThread "Cache worker for file hash cache (D:\Project\Verification\.gradle\7.3.3\fileHashes)" [_thread_blocked, id=4384, stack(0x000000da0a800000,0x000000da0a900000)]
  0x000001eef6bbb000 JavaThread "File watcher server" daemon [_thread_blocked, id=8544, stack(0x000000da0a900000,0x000000da0aa00000)]
  0x000001eef6bb7800 JavaThread "File watcher consumer" daemon [_thread_blocked, id=8148, stack(0x000000da0aa00000,0x000000da0ab00000)]
  0x000001eef6bb6000 JavaThread "Cache worker for checksums cache (D:\Project\Verification\.gradle\7.3.3\checksums)" [_thread_blocked, id=10096, stack(0x000000da0ab00000,0x000000da0ac00000)]
  0x000001eef6bb7000 JavaThread "Cache worker for cache directory md-supplier (C:\Users\Sergey\.gradle\caches\7.3.3\md-supplier)" [_thread_blocked, id=320, stack(0x000000da0ac00000,0x000000da0ad00000)]
  0x000001eef6bb8800 JavaThread "Cache worker for cache directory md-rule (C:\Users\Sergey\.gradle\caches\7.3.3\md-rule)" [_thread_blocked, id=8956, stack(0x000000da0ad00000,0x000000da0ae00000)]
  0x000001eef78bc000 JavaThread "Cache worker for execution history cache (C:\Users\Sergey\.gradle\caches\7.3.3\executionHistory)" [_thread_blocked, id=10220, stack(0x000000da0ae00000,0x000000da0af00000)]
  0x000001eef71de800 JavaThread "C2 CompilerThread1" daemon [_thread_blocked, id=11092, stack(0x000000da0af00000,0x000000da0b000000)]
  0x000001eef78bc800 JavaThread "jar transforms" [_thread_blocked, id=10584, stack(0x000000da0b000000,0x000000da0b100000)]
  0x000001eef78bf000 JavaThread "Cache worker for file content cache (C:\Users\Sergey\.gradle\caches\7.3.3\fileContent)" [_thread_blocked, id=7112, stack(0x000000da0b100000,0x000000da0b200000)]
  0x000001eef78be800 JavaThread "jar transforms Thread 2" [_thread_blocked, id=2060, stack(0x000000da0b200000,0x000000da0b300000)]
  0x000001eef78c0000 JavaThread "Cache worker for dependencies-accessors (D:\Project\Verification\.gradle\7.3.3\dependencies-accessors)" [_thread_blocked, id=2376, stack(0x000000da0b300000,0x000000da0b400000)]
  0x000001eef78ba800 JavaThread "jar transforms Thread 3" [_thread_blocked, id=3192, stack(0x000000da0b400000,0x000000da0b500000)]
  0x000001eef78c1000 JavaThread "Cache worker for Build Output Cleanup Cache (D:\Project\Verification\.gradle\buildOutputCleanup)" [_thread_blocked, id=4964, stack(0x000000da0b500000,0x000000da0b600000)]
  0x000001eef78bb000 JavaThread "Unconstrained build operations" [_thread_blocked, id=9716, stack(0x000000da0b600000,0x000000da0b700000)]
  0x000001eef78c5000 JavaThread "Unconstrained build operations Thread 2" [_thread_blocked, id=9972, stack(0x000000da0b700000,0x000000da0b800000)]
  0x000001eef78c2800 JavaThread "Unconstrained build operations Thread 3" [_thread_blocked, id=8964, stack(0x000000da0b800000,0x000000da0b900000)]
  0x000001eef78c3800 JavaThread "Unconstrained build operations Thread 4" [_thread_blocked, id=1776, stack(0x000000da0b900000,0x000000da0ba00000)]
  0x000001eef78c4000 JavaThread "Unconstrained build operations Thread 5" [_thread_blocked, id=8156, stack(0x000000da0ba00000,0x000000da0bb00000)]
  0x000001eef78c5800 JavaThread "Unconstrained build operations Thread 6" [_thread_blocked, id=3464, stack(0x000000da0bb00000,0x000000da0bc00000)]
  0x000001eef78c7800 JavaThread "Unconstrained build operations Thread 7" [_thread_blocked, id=7156, stack(0x000000da0bc00000,0x000000da0bd00000)]
  0x000001eef78c1800 JavaThread "Unconstrained build operations Thread 8" [_thread_blocked, id=4064, stack(0x000000da0bd00000,0x000000da0be00000)]
  0x000001eef78c6800 JavaThread "Unconstrained build operations Thread 9" [_thread_blocked, id=6532, stack(0x000000da0be00000,0x000000da0bf00000)]
  0x000001eef78c8000 JavaThread "Unconstrained build operations Thread 10" [_thread_blocked, id=9980, stack(0x000000da0bf00000,0x000000da0c000000)]
  0x000001eef78c9000 JavaThread "Unconstrained build operations Thread 11" [_thread_blocked, id=5756, stack(0x000000da0c000000,0x000000da0c100000)]
  0x000001eef8f2f000 JavaThread "Unconstrained build operations Thread 12" [_thread_blocked, id=5252, stack(0x000000da0c100000,0x000000da0c200000)]
  0x000001eef8f2c800 JavaThread "Unconstrained build operations Thread 13" [_thread_blocked, id=9644, stack(0x000000da0c200000,0x000000da0c300000)]
  0x000001eef8f2d000 JavaThread "Unconstrained build operations Thread 14" [_thread_blocked, id=8624, stack(0x000000da0c300000,0x000000da0c400000)]
  0x000001eef8f2e000 JavaThread "Unconstrained build operations Thread 15" [_thread_blocked, id=7124, stack(0x000000da0c400000,0x000000da0c500000)]
  0x000001eef8f29000 JavaThread "Unconstrained build operations Thread 16" [_thread_blocked, id=8572, stack(0x000000da0c500000,0x000000da0c600000)]
  0x000001eef8f2f800 JavaThread "Unconstrained build operations Thread 17" [_thread_blocked, id=8468, stack(0x000000da0c600000,0x000000da0c700000)]
  0x000001eef8f2a000 JavaThread "Unconstrained build operations Thread 18" [_thread_blocked, id=3832, stack(0x000000da0c700000,0x000000da0c800000)]
  0x000001eef8f30800 JavaThread "Unconstrained build operations Thread 19" [_thread_blocked, id=4788, stack(0x000000da0c800000,0x000000da0c900000)]
  0x000001eef8f2a800 JavaThread "Unconstrained build operations Thread 20" [_thread_blocked, id=7348, stack(0x000000da0c900000,0x000000da0ca00000)]
  0x000001eef8f31800 JavaThread "Unconstrained build operations Thread 21" [_thread_blocked, id=6296, stack(0x000000da0ca00000,0x000000da0cb00000)]
  0x000001eef8f2b800 JavaThread "Unconstrained build operations Thread 22" [_thread_blocked, id=1068, stack(0x000000da0cb00000,0x000000da0cc00000)]
  0x000001eef8f33800 JavaThread "Unconstrained build operations Thread 23" [_thread_blocked, id=9228, stack(0x000000da0cc00000,0x000000da0cd00000)]
  0x000001eef8f36000 JavaThread "Unconstrained build operations Thread 24" [_thread_blocked, id=1184, stack(0x000000da0cd00000,0x000000da0ce00000)]
  0x000001eef8f35800 JavaThread "Unconstrained build operations Thread 25" [_thread_blocked, id=3656, stack(0x000000da0ce00000,0x000000da0cf00000)]
  0x000001eef8f34800 JavaThread "Unconstrained build operations Thread 26" [_thread_blocked, id=4400, stack(0x000000da0cf00000,0x000000da0d000000)]
  0x000001eef8f37000 JavaThread "Unconstrained build operations Thread 27" [_thread_blocked, id=10732, stack(0x000000da0d000000,0x000000da0d100000)]
  0x000001eef8f38000 JavaThread "Unconstrained build operations Thread 28" [_thread_blocked, id=11068, stack(0x000000da0d100000,0x000000da0d200000)]
  0x000001eef8f33000 JavaThread "Unconstrained build operations Thread 29" [_thread_blocked, id=11096, stack(0x000000da0d200000,0x000000da0d300000)]
  0x000001eef8f32000 JavaThread "Unconstrained build operations Thread 30" [_thread_blocked, id=5912, stack(0x000000da0d300000,0x000000da0d400000)]
  0x000001eefab0d800 JavaThread "Unconstrained build operations Thread 31" [_thread_blocked, id=4304, stack(0x000000da0d400000,0x000000da0d500000)]
  0x000001eefab0e000 JavaThread "Unconstrained build operations Thread 32" [_thread_blocked, id=2204, stack(0x000000da0d500000,0x000000da0d600000)]
  0x000001eefab0f000 JavaThread "Unconstrained build operations Thread 33" [_thread_blocked, id=1224, stack(0x000000da0d600000,0x000000da0d700000)]
  0x000001eefab09800 JavaThread "Unconstrained build operations Thread 34" [_thread_blocked, id=4268, stack(0x000000da0d700000,0x000000da0d800000)]
  0x000001eefab10000 JavaThread "Unconstrained build operations Thread 35" [_thread_blocked, id=10084, stack(0x000000da0d800000,0x000000da0d900000)]
  0x000001eefab0a000 JavaThread "Unconstrained build operations Thread 36" [_thread_blocked, id=7612, stack(0x000000da0d900000,0x000000da0da00000)]
  0x000001eefab10800 JavaThread "Unconstrained build operations Thread 37" [_thread_blocked, id=10140, stack(0x000000da0da00000,0x000000da0db00000)]
  0x000001eefab0b800 JavaThread "Unconstrained build operations Thread 38" [_thread_blocked, id=5848, stack(0x000000da0db00000,0x000000da0dc00000)]
  0x000001eefab0c800 JavaThread "Unconstrained build operations Thread 39" [_thread_blocked, id=876, stack(0x000000da0dc00000,0x000000da0dd00000)]
  0x000001eefab0b000 JavaThread "Unconstrained build operations Thread 40" [_thread_blocked, id=5940, stack(0x000000da0dd00000,0x000000da0de00000)]
  0x000001eefab14800 JavaThread "Unconstrained build operations Thread 41" [_thread_blocked, id=8116, stack(0x000000da0de00000,0x000000da0df00000)]
  0x000001eefab12800 JavaThread "Unconstrained build operations Thread 42" [_thread_blocked, id=10844, stack(0x000000da0df00000,0x000000da0e000000)]
  0x000001eefab11800 JavaThread "Unconstrained build operations Thread 43" [_thread_blocked, id=5240, stack(0x000000da0e000000,0x000000da0e100000)]
  0x000001eefab15800 JavaThread "Unconstrained build operations Thread 44" [_thread_blocked, id=8688, stack(0x000000da0e100000,0x000000da0e200000)]
  0x000001eefab14000 JavaThread "Unconstrained build operations Thread 45" [_thread_blocked, id=4584, stack(0x000000da0e200000,0x000000da0e300000)]
  0x000001eefab16800 JavaThread "Unconstrained build operations Thread 46" [_thread_blocked, id=4180, stack(0x000000da0e300000,0x000000da0e400000)]
  0x000001eefab17000 JavaThread "Unconstrained build operations Thread 47" [_thread_blocked, id=3120, stack(0x000000da0e400000,0x000000da0e500000)]
  0x000001eefab18000 JavaThread "Unconstrained build operations Thread 48" [_thread_blocked, id=6120, stack(0x000000da0e500000,0x000000da0e600000)]
  0x000001eefab13000 JavaThread "Unconstrained build operations Thread 49" [_thread_blocked, id=10816, stack(0x000000da0e600000,0x000000da0e700000)]
  0x000001eefa81a000 JavaThread "Unconstrained build operations Thread 50" [_thread_blocked, id=3360, stack(0x000000da0e700000,0x000000da0e800000)]
  0x000001eefa817800 JavaThread "Unconstrained build operations Thread 51" [_thread_blocked, id=2628, stack(0x000000da0e800000,0x000000da0e900000)]
  0x000001eefa818000 JavaThread "Unconstrained build operations Thread 52" [_thread_blocked, id=8972, stack(0x000000da0e900000,0x000000da0ea00000)]
  0x000001eefa815800 JavaThread "Unconstrained build operations Thread 53" [_thread_blocked, id=9084, stack(0x000000da0ea00000,0x000000da0eb00000)]
  0x000001eefa819000 JavaThread "Unconstrained build operations Thread 54" [_thread_blocked, id=5220, stack(0x000000da0eb00000,0x000000da0ec00000)]
  0x000001eefa814000 JavaThread "Unconstrained build operations Thread 55" [_thread_blocked, id=10444, stack(0x000000da0ec00000,0x000000da0ed00000)]
  0x000001eefa81a800 JavaThread "Unconstrained build operations Thread 56" [_thread_blocked, id=8596, stack(0x000000da0ed00000,0x000000da0ee00000)]
  0x000001eefa815000 JavaThread "Unconstrained build operations Thread 57" [_thread_blocked, id=1880, stack(0x000000da0ee00000,0x000000da0ef00000)]
  0x000001eefa81b800 JavaThread "Unconstrained build operations Thread 58" [_thread_blocked, id=10268, stack(0x000000da0ef00000,0x000000da0f000000)]
  0x000001eefa81c000 JavaThread "Unconstrained build operations Thread 59" [_thread_blocked, id=5904, stack(0x000000da0f000000,0x000000da0f100000)]
  0x000001eefa816800 JavaThread "Unconstrained build operations Thread 60" [_thread_blocked, id=10872, stack(0x000000da0f100000,0x000000da0f200000)]
  0x000001eefa820800 JavaThread "Unconstrained build operations Thread 61" [_thread_blocked, id=10680, stack(0x000000da0f200000,0x000000da0f300000)]
  0x000001eefa821000 JavaThread "Unconstrained build operations Thread 62" [_thread_blocked, id=9044, stack(0x000000da0f300000,0x000000da0f400000)]
  0x000001eefa822000 JavaThread "Unconstrained build operations Thread 63" [_thread_blocked, id=6068, stack(0x000000da0f400000,0x000000da0f500000)]
  0x000001eefa823000 JavaThread "Unconstrained build operations Thread 64" [_thread_blocked, id=1576, stack(0x000000da0f500000,0x000000da0f600000)]
  0x000001eefa81d000 JavaThread "Unconstrained build operations Thread 65" [_thread_blocked, id=6844, stack(0x000000da0f600000,0x000000da0f700000)]
  0x000001eefa81e000 JavaThread "Unconstrained build operations Thread 66" [_thread_blocked, id=2468, stack(0x000000da0f700000,0x000000da0f800000)]
  0x000001eefa81e800 JavaThread "Unconstrained build operations Thread 67" [_thread_blocked, id=10372, stack(0x000000da0f800000,0x000000da0f900000)]
  0x000001eefa81f800 JavaThread "Unconstrained build operations Thread 68" [_thread_blocked, id=8504, stack(0x000000da0f900000,0x000000da0fa00000)]
  0x000001eefaf4d000 JavaThread "Unconstrained build operations Thread 69" [_thread_blocked, id=5820, stack(0x000000da0fa00000,0x000000da0fb00000)]
  0x000001eefaf4a800 JavaThread "Unconstrained build operations Thread 70" [_thread_blocked, id=4264, stack(0x000000da0fb00000,0x000000da0fc00000)]
  0x000001eefaf4c000 JavaThread "Unconstrained build operations Thread 71" [_thread_blocked, id=8656, stack(0x000000da0fc00000,0x000000da0fd00000)]
  0x000001eefaf49000 JavaThread "Unconstrained build operations Thread 72" [_thread_blocked, id=5132, stack(0x000000da0fd00000,0x000000da0fe00000)]
  0x000001eefaf4b800 JavaThread "Unconstrained build operations Thread 73" [_thread_blocked, id=9092, stack(0x000000da0fe00000,0x000000da0ff00000)]
  0x000001eefaf4e000 JavaThread "Unconstrained build operations Thread 74" [_thread_blocked, id=7036, stack(0x000000da0ff00000,0x000000da10000000)]
  0x000001eefaf4e800 JavaThread "Unconstrained build operations Thread 75" [_thread_blocked, id=6084, stack(0x000000da10000000,0x000000da10100000)]
  0x000001eefaf4f800 JavaThread "Unconstrained build operations Thread 76" [_thread_blocked, id=8140, stack(0x000000da10100000,0x000000da10200000)]
  0x000001eefaf49800 JavaThread "Unconstrained build operations Thread 77" [_thread_blocked, id=8088, stack(0x000000da10200000,0x000000da10300000)]
  0x000001eefaf56000 JavaThread "Unconstrained build operations Thread 78" [_thread_blocked, id=10572, stack(0x000000da10300000,0x000000da10400000)]
  0x000001eefaf50800 JavaThread "Unconstrained build operations Thread 79" [_thread_blocked, id=2260, stack(0x000000da10400000,0x000000da10500000)]
  0x000001eefaf57000 JavaThread "Unconstrained build operations Thread 80" [_thread_blocked, id=10992, stack(0x000000da10500000,0x000000da10600000)]
  0x000001eefaf53800 JavaThread "jar transforms Thread 4" [_thread_blocked, id=9144, stack(0x000000da10600000,0x000000da10700000)]
  0x000001eefaf51000 JavaThread "jar transforms Thread 5" [_thread_blocked, id=9148, stack(0x000000da10700000,0x000000da10800000)]
  0x000001eefaf57800 JavaThread "jar transforms Thread 6" [_thread_blocked, id=8652, stack(0x000000da10800000,0x000000da10900000)]
  0x000001eefaf52000 JavaThread "jar transforms Thread 7" [_thread_blocked, id=8788, stack(0x000000da10900000,0x000000da10a00000)]
  0x000001eefaf54800 JavaThread "jar transforms Thread 8" [_thread_blocked, id=9024, stack(0x000000da10a00000,0x000000da10b00000)]
  0x000001eefaf52800 JavaThread "Memory manager" [_thread_blocked, id=9432, stack(0x000000da10b00000,0x000000da10c00000)]
  0x000001eefcb61000 JavaThread "build event listener" [_thread_blocked, id=10044, stack(0x000000da10c00000,0x000000da10d00000)]
  0x000001eefcb5f800 JavaThread "pool-3-thread-1" [_thread_blocked, id=7052, stack(0x000000da10d00000,0x000000da10e00000)]
  0x000001eefcb60000 JavaThread "build event listener" [_thread_blocked, id=8660, stack(0x000000da10e00000,0x000000da10f00000)]
  0x000001eefcb5d800 JavaThread "Execution worker for ':'" [_thread_blocked, id=8528, stack(0x000000da10f00000,0x000000da11000000)]
  0x000001eefcb5b800 JavaThread "Execution worker for ':' Thread 2" [_thread_blocked, id=9976, stack(0x000000da11000000,0x000000da11100000)]
  0x000001eefcb62000 JavaThread "Execution worker for ':' Thread 3" [_thread_blocked, id=10224, stack(0x000000da11100000,0x000000da11200000)]
  0x000001eefcb5e800 JavaThread "Execution worker for ':' Thread 4" [_thread_blocked, id=4168, stack(0x000000da11200000,0x000000da11300000)]
  0x000001eefcb5c000 JavaThread "Execution worker for ':' Thread 5" [_thread_blocked, id=6280, stack(0x000000da11300000,0x000000da11400000)]
  0x000001eefcb62800 JavaThread "Execution worker for ':' Thread 6" [_thread_blocked, id=10244, stack(0x000000da11400000,0x000000da11500000)]
  0x000001eefcb5d000 JavaThread "Execution worker for ':' Thread 7" [_thread_blocked, id=10708, stack(0x000000da11500000,0x000000da11600000)]
  0x000001eefcb68800 JavaThread "Cache worker for execution history cache (D:\Project\Verification\.gradle\7.3.3\executionHistory)" [_thread_blocked, id=8456, stack(0x000000da11600000,0x000000da11700000)]
  0x000001eefcb65000 JavaThread "WorkerExecutor Queue" [_thread_blocked, id=2488, stack(0x000000da11700000,0x000000da11800000)]

Other Threads:
=>0x000001eef401e000 VMThread "VM Thread" [stack: 0x000000da08800000,0x000000da08900000] [id=5528]
  0x000001eef4b44800 WatcherThread [stack: 0x000000da09200000,0x000000da09300000] [id=8988]
  0x000001eed9ba1000 GCTaskThread "GC Thread#0" [stack: 0x000000da08300000,0x000000da08400000] [id=9032]
  0x000001eef5467000 GCTaskThread "GC Thread#1" [stack: 0x000000da09300000,0x000000da09400000] [id=10396]
  0x000001eef7063800 GCTaskThread "GC Thread#2" [stack: 0x000000da09e00000,0x000000da09f00000] [id=7780]
  0x000001eef649a800 GCTaskThread "GC Thread#3" [stack: 0x000000da09f00000,0x000000da0a000000] [id=1144]
  0x000001eef602b800 GCTaskThread "GC Thread#4" [stack: 0x000000da0a000000,0x000000da0a100000] [id=5244]
  0x000001eef59c5800 GCTaskThread "GC Thread#5" [stack: 0x000000da0a100000,0x000000da0a200000] [id=10168]
  0x000001eef6c8d800 GCTaskThread "GC Thread#6" [stack: 0x000000da0a200000,0x000000da0a300000] [id=8120]
  0x000001eef6c66800 GCTaskThread "GC Thread#7" [stack: 0x000000da0a300000,0x000000da0a400000] [id=5232]
  0x000001eed9bd2800 ConcurrentGCThread "G1 Main Marker" [stack: 0x000000da08400000,0x000000da08500000] [id=8716]
  0x000001eed9bd5000 ConcurrentGCThread "G1 Conc#0" [stack: 0x000000da08500000,0x000000da08600000] [id=2836]
  0x000001eef6d06800 ConcurrentGCThread "G1 Conc#1" [stack: 0x000000da0a700000,0x000000da0a800000] [id=5428]
  0x000001eef3e70800 ConcurrentGCThread "G1 Refine#0" [stack: 0x000000da08600000,0x000000da08700000] [id=2436]
  0x000001eef4def000 ConcurrentGCThread "G1 Refine#1" [stack: 0x000000da11800000,0x000000da11900000] [id=3336]
  0x000001eef3e72000 ConcurrentGCThread "G1 Young RemSet Sampling" [stack: 0x000000da08700000,0x000000da08800000] [id=3388]

Threads with active compile tasks:
C2 CompilerThread0  12626 13563       4       com.android.tools.r8.internal.Iq::get (106 bytes)
C1 CompilerThread0  12626 13558       3       com.android.tools.r8.internal.kV::a (16 bytes)
C2 CompilerThread1  12626 13561       4       java.util.LinkedList::get (14 bytes)

VM state:at safepoint (normal execution)

VM Mutex/Monitor currently owned by a thread:  ([mutex/lock_event])
[0x000001eed9b835c0] Threads_lock - owner thread: 0x000001eef401e000
[0x000001eed9b836e0] Heap_lock - owner thread: 0x000001eefa819000

Heap address: 0x0000000080000000, size: 2048 MB, Compressed Oops mode: 32-bit
Narrow klass base: 0x0000000000000000, Narrow klass shift: 3
Compressed class space size: 1073741824 Address: 0x0000000100000000

Heap:
 garbage-first heap   total 438272K, used 184423K [0x0000000080000000, 0x0000000100000000)
  region size 1024K, 3 young (3072K), 3 survivors (3072K)
 Metaspace       used 106178K, capacity 108771K, committed 109476K, reserved 1144832K
  class space    used 13619K, capacity 14630K, committed 14924K, reserved 1048576K
Heap Regions: E=young(eden), S=young(survivor), O=old, HS=humongous(starts), HC=humongous(continues), CS=collection set, F=free, A=archive, TAMS=top-at-mark-start (previous, next)
|   0|0x0000000080000000, 0x0000000080100000, 0x0000000080100000|100%| O|  |TAMS 0x0000000080100000, 0x0000000080000000| Untracked 
|   1|0x0000000080100000, 0x0000000080200000, 0x0000000080200000|100%| O|  |TAMS 0x0000000080200000, 0x0000000080100000| Untracked 
|   2|0x0000000080200000, 0x0000000080300000, 0x0000000080300000|100%| O|  |TAMS 0x0000000080300000, 0x0000000080200000| Untracked 
|   3|0x0000000080300000, 0x0000000080400000, 0x0000000080400000|100%|HS|  |TAMS 0x0000000080400000, 0x0000000080300000| Complete 
|   4|0x0000000080400000, 0x0000000080500000, 0x0000000080500000|100%|HC|  |TAMS 0x0000000080500000, 0x0000000080400000| Complete 
|   5|0x0000000080500000, 0x0000000080600000, 0x0000000080600000|100%|HC|  |TAMS 0x0000000080600000, 0x0000000080500000| Complete 
|   6|0x0000000080600000, 0x0000000080700000, 0x0000000080700000|100%| O|  |TAMS 0x0000000080700000, 0x0000000080600000| Untracked 
|   7|0x0000000080700000, 0x0000000080800000, 0x0000000080800000|100%| O|  |TAMS 0x0000000080800000, 0x0000000080700000| Untracked 
|   8|0x0000000080800000, 0x0000000080900000, 0x0000000080900000|100%| O|  |TAMS 0x0000000080900000, 0x0000000080800000| Untracked 
|   9|0x0000000080900000, 0x0000000080a00000, 0x0000000080a00000|100%| O|  |TAMS 0x0000000080a00000, 0x0000000080900000| Untracked 
|  10|0x0000000080a00000, 0x0000000080b00000, 0x0000000080b00000|100%| O|  |TAMS 0x0000000080b00000, 0x0000000080a00000| Untracked 
|  11|0x0000000080b00000, 0x0000000080c00000, 0x0000000080c00000|100%| O|  |TAMS 0x0000000080c00000, 0x0000000080b00000| Untracked 
|  12|0x0000000080c00000, 0x0000000080d00000, 0x0000000080d00000|100%| O|  |TAMS 0x0000000080d00000, 0x0000000080c00000| Untracked 
|  13|0x0000000080d00000, 0x0000000080e00000, 0x0000000080e00000|100%| O|  |TAMS 0x0000000080e00000, 0x0000000080d00000| Untracked 
|  14|0x0000000080e00000, 0x0000000080f00000, 0x0000000080f00000|100%| O|  |TAMS 0x0000000080f00000, 0x0000000080e00000| Untracked 
|  15|0x0000000080f00000, 0x0000000081000000, 0x0000000081000000|100%| O|  |TAMS 0x0000000081000000, 0x0000000080f00000| Untracked 
|  16|0x0000000081000000, 0x0000000081100000, 0x0000000081100000|100%|HS|  |TAMS 0x0000000081100000, 0x0000000081000000| Complete 
|  17|0x0000000081100000, 0x0000000081200000, 0x0000000081200000|100%| O|  |TAMS 0x0000000081200000, 0x0000000081100000| Untracked 
|  18|0x0000000081200000, 0x0000000081300000, 0x0000000081300000|100%| O|  |TAMS 0x0000000081300000, 0x0000000081200000| Untracked 
|  19|0x0000000081300000, 0x0000000081400000, 0x0000000081400000|100%| O|  |TAMS 0x0000000081400000, 0x0000000081300000| Untracked 
|  20|0x0000000081400000, 0x0000000081500000, 0x0000000081500000|100%| O|  |TAMS 0x0000000081500000, 0x0000000081400000| Untracked 
|  21|0x0000000081500000, 0x0000000081600000, 0x0000000081600000|100%| O|  |TAMS 0x0000000081600000, 0x0000000081500000| Untracked 
|  22|0x0000000081600000, 0x0000000081700000, 0x0000000081700000|100%| O|  |TAMS 0x0000000081700000, 0x0000000081600000| Untracked 
|  23|0x0000000081700000, 0x0000000081800000, 0x0000000081800000|100%|HS|  |TAMS 0x0000000081800000, 0x0000000081700000| Complete 
|  24|0x0000000081800000, 0x0000000081900000, 0x0000000081900000|100%|HS|  |TAMS 0x0000000081900000, 0x0000000081800000| Complete 
|  25|0x0000000081900000, 0x0000000081a00000, 0x0000000081a00000|100%|HS|  |TAMS 0x0000000081a00000, 0x0000000081900000| Complete 
|  26|0x0000000081a00000, 0x0000000081b00000, 0x0000000081b00000|100%|HC|  |TAMS 0x0000000081b00000, 0x0000000081a00000| Complete 
|  27|0x0000000081b00000, 0x0000000081c00000, 0x0000000081c00000|100%|HC|  |TAMS 0x0000000081c00000, 0x0000000081b00000| Complete 
|  28|0x0000000081c00000, 0x0000000081d00000, 0x0000000081d00000|100%|HS|  |TAMS 0x0000000081d00000, 0x0000000081c00000| Complete 
|  29|0x0000000081d00000, 0x0000000081e00000, 0x0000000081e00000|100%|HC|  |TAMS 0x0000000081e00000, 0x0000000081d00000| Complete 
|  30|0x0000000081e00000, 0x0000000081f00000, 0x0000000081f00000|100%| O|  |TAMS 0x0000000081f00000, 0x0000000081e00000| Untracked 
|  31|0x0000000081f00000, 0x0000000082000000, 0x0000000082000000|100%| O|  |TAMS 0x0000000082000000, 0x0000000081f00000| Untracked 
|  32|0x0000000082000000, 0x0000000082100000, 0x0000000082100000|100%| O|  |TAMS 0x0000000082100000, 0x0000000082000000| Untracked 
|  33|0x0000000082100000, 0x0000000082200000, 0x0000000082200000|100%| O|  |TAMS 0x0000000082200000, 0x0000000082100000| Untracked 
|  34|0x0000000082200000, 0x0000000082300000, 0x0000000082300000|100%| O|  |TAMS 0x0000000082300000, 0x0000000082200000| Untracked 
|  35|0x0000000082300000, 0x0000000082400000, 0x0000000082400000|100%| O|  |TAMS 0x0000000082400000, 0x0000000082300000| Untracked 
|  36|0x0000000082400000, 0x0000000082500000, 0x0000000082500000|100%| O|  |TAMS 0x0000000082500000, 0x0000000082400000| Untracked 
|  37|0x0000000082500000, 0x0000000082600000, 0x0000000082600000|100%| O|  |TAMS 0x0000000082600000, 0x0000000082500000| Untracked 
|  38|0x0000000082600000, 0x0000000082700000, 0x0000000082700000|100%| O|  |TAMS 0x0000000082700000, 0x0000000082600000| Untracked 
|  39|0x0000000082700000, 0x0000000082800000, 0x0000000082800000|100%| O|  |TAMS 0x0000000082800000, 0x0000000082700000| Untracked 
|  40|0x0000000082800000, 0x0000000082900000, 0x0000000082900000|100%| O|  |TAMS 0x0000000082900000, 0x0000000082800000| Untracked 
|  41|0x0000000082900000, 0x0000000082a00000, 0x0000000082a00000|100%| O|  |TAMS 0x0000000082a00000, 0x0000000082900000| Untracked 
|  42|0x0000000082a00000, 0x0000000082b00000, 0x0000000082b00000|100%| O|  |TAMS 0x0000000082b00000, 0x0000000082a00000| Untracked 
|  43|0x0000000082b00000, 0x0000000082c00000, 0x0000000082c00000|100%| O|  |TAMS 0x0000000082c00000, 0x0000000082b00000| Untracked 
|  44|0x0000000082c00000, 0x0000000082d00000, 0x0000000082d00000|100%| O|  |TAMS 0x0000000082d00000, 0x0000000082c00000| Untracked 
|  45|0x0000000082d00000, 0x0000000082e00000, 0x0000000082e00000|100%| O|  |TAMS 0x0000000082e00000, 0x0000000082d00000| Untracked 
|  46|0x0000000082e00000, 0x0000000082f00000, 0x0000000082f00000|100%| O|  |TAMS 0x0000000082f00000, 0x0000000082e00000| Untracked 
|  47|0x0000000082f00000, 0x0000000083000000, 0x0000000083000000|100%| O|  |TAMS 0x0000000083000000, 0x0000000082f00000| Untracked 
|  48|0x0000000083000000, 0x0000000083100000, 0x0000000083100000|100%| O|  |TAMS 0x0000000083100000, 0x0000000083000000| Untracked 
|  49|0x0000000083100000, 0x0000000083200000, 0x0000000083200000|100%| O|  |TAMS 0x0000000083200000, 0x0000000083100000| Untracked 
|  50|0x0000000083200000, 0x0000000083300000, 0x0000000083300000|100%| O|  |TAMS 0x0000000083300000, 0x0000000083200000| Untracked 
|  51|0x0000000083300000, 0x0000000083400000, 0x0000000083400000|100%| O|  |TAMS 0x0000000083400000, 0x0000000083300000| Untracked 
|  52|0x0000000083400000, 0x0000000083500000, 0x0000000083500000|100%| O|  |TAMS 0x0000000083500000, 0x0000000083400000| Untracked 
|  53|0x0000000083500000, 0x0000000083600000, 0x0000000083600000|100%| O|  |TAMS 0x0000000083600000, 0x0000000083500000| Untracked 
|  54|0x0000000083600000, 0x0000000083700000, 0x0000000083700000|100%| O|  |TAMS 0x0000000083700000, 0x0000000083600000| Untracked 
|  55|0x0000000083700000, 0x0000000083800000, 0x0000000083800000|100%| O|  |TAMS 0x0000000083800000, 0x0000000083700000| Untracked 
|  56|0x0000000083800000, 0x0000000083900000, 0x0000000083900000|100%| O|  |TAMS 0x0000000083900000, 0x0000000083800000| Untracked 
|  57|0x0000000083900000, 0x0000000083a00000, 0x0000000083a00000|100%| O|  |TAMS 0x0000000083a00000, 0x0000000083900000| Untracked 
|  58|0x0000000083a00000, 0x0000000083b00000, 0x0000000083b00000|100%| O|  |TAMS 0x0000000083b00000, 0x0000000083a00000| Untracked 
|  59|0x0000000083b00000, 0x0000000083c00000, 0x0000000083c00000|100%| O|  |TAMS 0x0000000083c00000, 0x0000000083b00000| Untracked 
|  60|0x0000000083c00000, 0x0000000083d00000, 0x0000000083d00000|100%| O|  |TAMS 0x0000000083d00000, 0x0000000083c00000| Untracked 
|  61|0x0000000083d00000, 0x0000000083e00000, 0x0000000083e00000|100%| O|  |TAMS 0x0000000083e00000, 0x0000000083d00000| Untracked 
|  62|0x0000000083e00000, 0x0000000083f00000, 0x0000000083f00000|100%| O|  |TAMS 0x0000000083f00000, 0x0000000083e00000| Untracked 
|  63|0x0000000083f00000, 0x0000000084000000, 0x0000000084000000|100%| O|  |TAMS 0x0000000084000000, 0x0000000083f00000| Untracked 
|  64|0x0000000084000000, 0x0000000084100000, 0x0000000084100000|100%| O|  |TAMS 0x0000000084100000, 0x0000000084000000| Untracked 
|  65|0x0000000084100000, 0x0000000084200000, 0x0000000084200000|100%| O|  |TAMS 0x0000000084200000, 0x0000000084100000| Untracked 
|  66|0x0000000084200000, 0x0000000084300000, 0x0000000084300000|100%| O|  |TAMS 0x0000000084300000, 0x0000000084200000| Untracked 
|  67|0x0000000084300000, 0x0000000084400000, 0x0000000084400000|100%| O|  |TAMS 0x0000000084400000, 0x0000000084300000| Untracked 
|  68|0x0000000084400000, 0x0000000084500000, 0x0000000084500000|100%| O|  |TAMS 0x0000000084500000, 0x0000000084400000| Untracked 
|  69|0x0000000084500000, 0x0000000084600000, 0x0000000084600000|100%| O|  |TAMS 0x0000000084600000, 0x0000000084500000| Untracked 
|  70|0x0000000084600000, 0x0000000084700000, 0x0000000084700000|100%| O|  |TAMS 0x0000000084700000, 0x0000000084600000| Untracked 
|  71|0x0000000084700000, 0x0000000084800000, 0x0000000084800000|100%| O|  |TAMS 0x0000000084800000, 0x0000000084700000| Untracked 
|  72|0x0000000084800000, 0x0000000084900000, 0x0000000084900000|100%| O|  |TAMS 0x0000000084900000, 0x0000000084800000| Untracked 
|  73|0x0000000084900000, 0x0000000084a00000, 0x0000000084a00000|100%| O|  |TAMS 0x0000000084a00000, 0x0000000084900000| Untracked 
|  74|0x0000000084a00000, 0x0000000084b00000, 0x0000000084b00000|100%| O|  |TAMS 0x0000000084b00000, 0x0000000084a00000| Untracked 
|  75|0x0000000084b00000, 0x0000000084c00000, 0x0000000084c00000|100%| O|  |TAMS 0x0000000084c00000, 0x0000000084b00000| Untracked 
|  76|0x0000000084c00000, 0x0000000084d00000, 0x0000000084d00000|100%| O|  |TAMS 0x0000000084d00000, 0x0000000084c00000| Untracked 
|  77|0x0000000084d00000, 0x0000000084e00000, 0x0000000084e00000|100%| O|  |TAMS 0x0000000084e00000, 0x0000000084d00000| Untracked 
|  78|0x0000000084e00000, 0x0000000084f00000, 0x0000000084f00000|100%| O|  |TAMS 0x0000000084f00000, 0x0000000084e00000| Untracked 
|  79|0x0000000084f00000, 0x0000000085000000, 0x0000000085000000|100%| O|  |TAMS 0x0000000085000000, 0x0000000084f00000| Untracked 
|  80|0x0000000085000000, 0x0000000085100000, 0x0000000085100000|100%| O|  |TAMS 0x0000000085100000, 0x0000000085000000| Untracked 
|  81|0x0000000085100000, 0x0000000085200000, 0x0000000085200000|100%| O|  |TAMS 0x0000000085200000, 0x0000000085100000| Untracked 
|  82|0x0000000085200000, 0x0000000085300000, 0x0000000085300000|100%| O|  |TAMS 0x0000000085300000, 0x0000000085200000| Untracked 
|  83|0x0000000085300000, 0x0000000085400000, 0x0000000085400000|100%| O|  |TAMS 0x0000000085400000, 0x0000000085300000| Untracked 
|  84|0x0000000085400000, 0x0000000085500000, 0x0000000085500000|100%| O|  |TAMS 0x0000000085500000, 0x0000000085400000| Untracked 
|  85|0x0000000085500000, 0x0000000085600000, 0x0000000085600000|100%| O|  |TAMS 0x0000000085600000, 0x0000000085500000| Untracked 
|  86|0x0000000085600000, 0x0000000085700000, 0x0000000085700000|100%| O|  |TAMS 0x0000000085700000, 0x0000000085600000| Untracked 
|  87|0x0000000085700000, 0x0000000085800000, 0x0000000085800000|100%| O|  |TAMS 0x0000000085800000, 0x0000000085700000| Untracked 
|  88|0x0000000085800000, 0x0000000085900000, 0x0000000085900000|100%| O|  |TAMS 0x0000000085900000, 0x0000000085800000| Untracked 
|  89|0x0000000085900000, 0x0000000085a00000, 0x0000000085a00000|100%| O|  |TAMS 0x0000000085a00000, 0x0000000085900000| Untracked 
|  90|0x0000000085a00000, 0x0000000085b00000, 0x0000000085b00000|100%| O|  |TAMS 0x0000000085b00000, 0x0000000085a00000| Untracked 
|  91|0x0000000085b00000, 0x0000000085c00000, 0x0000000085c00000|100%| O|  |TAMS 0x0000000085c00000, 0x0000000085b00000| Untracked 
|  92|0x0000000085c00000, 0x0000000085d00000, 0x0000000085d00000|100%| O|  |TAMS 0x0000000085d00000, 0x0000000085c00000| Untracked 
|  93|0x0000000085d00000, 0x0000000085e00000, 0x0000000085e00000|100%| O|  |TAMS 0x0000000085e00000, 0x0000000085d00000| Untracked 
|  94|0x0000000085e00000, 0x0000000085f00000, 0x0000000085f00000|100%| O|  |TAMS 0x0000000085f00000, 0x0000000085e00000| Untracked 
|  95|0x0000000085f00000, 0x0000000086000000, 0x0000000086000000|100%| O|  |TAMS 0x0000000086000000, 0x0000000085f00000| Untracked 
|  96|0x0000000086000000, 0x0000000086100000, 0x0000000086100000|100%| O|  |TAMS 0x0000000086100000, 0x0000000086000000| Untracked 
|  97|0x0000000086100000, 0x0000000086200000, 0x0000000086200000|100%| O|  |TAMS 0x0000000086200000, 0x0000000086100000| Untracked 
|  98|0x0000000086200000, 0x0000000086300000, 0x0000000086300000|100%| O|  |TAMS 0x0000000086300000, 0x0000000086200000| Untracked 
|  99|0x0000000086300000, 0x0000000086400000, 0x0000000086400000|100%| O|  |TAMS 0x0000000086400000, 0x0000000086300000| Untracked 
| 100|0x0000000086400000, 0x0000000086500000, 0x0000000086500000|100%| O|  |TAMS 0x0000000086500000, 0x0000000086400000| Untracked 
| 101|0x0000000086500000, 0x0000000086600000, 0x0000000086600000|100%| O|  |TAMS 0x0000000086600000, 0x0000000086500000| Untracked 
| 102|0x0000000086600000, 0x0000000086700000, 0x0000000086700000|100%| O|  |TAMS 0x0000000086700000, 0x0000000086600000| Untracked 
| 103|0x0000000086700000, 0x0000000086800000, 0x0000000086800000|100%| O|  |TAMS 0x0000000086800000, 0x0000000086700000| Untracked 
| 104|0x0000000086800000, 0x0000000086900000, 0x0000000086900000|100%| O|  |TAMS 0x0000000086900000, 0x0000000086800000| Untracked 
| 105|0x0000000086900000, 0x0000000086a00000, 0x0000000086a00000|100%| O|  |TAMS 0x0000000086a00000, 0x0000000086900000| Untracked 
| 106|0x0000000086a00000, 0x0000000086b00000, 0x0000000086b00000|100%| O|  |TAMS 0x0000000086b00000, 0x0000000086a00000| Untracked 
| 107|0x0000000086b00000, 0x0000000086c00000, 0x0000000086c00000|100%| O|  |TAMS 0x0000000086c00000, 0x0000000086b00000| Untracked 
| 108|0x0000000086c00000, 0x0000000086d00000, 0x0000000086d00000|100%| O|  |TAMS 0x0000000086d00000, 0x0000000086c00000| Untracked 
| 109|0x0000000086d00000, 0x0000000086e00000, 0x0000000086e00000|100%| O|  |TAMS 0x0000000086e00000, 0x0000000086d00000| Untracked 
| 110|0x0000000086e00000, 0x0000000086f00000, 0x0000000086f00000|100%| O|  |TAMS 0x0000000086f00000, 0x0000000086e00000| Untracked 
| 111|0x0000000086f00000, 0x0000000087000000, 0x0000000087000000|100%| O|  |TAMS 0x0000000087000000, 0x0000000086f00000| Untracked 
| 112|0x0000000087000000, 0x0000000087100000, 0x0000000087100000|100%| O|  |TAMS 0x0000000087100000, 0x0000000087000000| Untracked 
| 113|0x0000000087100000, 0x0000000087200000, 0x0000000087200000|100%| O|  |TAMS 0x0000000087200000, 0x0000000087100000| Untracked 
| 114|0x0000000087200000, 0x0000000087300000, 0x0000000087300000|100%|HS|  |TAMS 0x0000000087300000, 0x0000000087200000| Complete 
| 115|0x0000000087300000, 0x0000000087400000, 0x0000000087400000|100%| O|  |TAMS 0x0000000087400000, 0x0000000087300000| Untracked 
| 116|0x0000000087400000, 0x0000000087500000, 0x0000000087500000|100%| O|  |TAMS 0x0000000087500000, 0x0000000087400000| Untracked 
| 117|0x0000000087500000, 0x0000000087600000, 0x0000000087600000|100%| O|  |TAMS 0x0000000087600000, 0x0000000087500000| Untracked 
| 118|0x0000000087600000, 0x0000000087700000, 0x0000000087700000|100%| O|  |TAMS 0x0000000087700000, 0x0000000087600000| Untracked 
| 119|0x0000000087700000, 0x0000000087800000, 0x0000000087800000|100%| O|  |TAMS 0x0000000087800000, 0x0000000087700000| Untracked 
| 120|0x0000000087800000, 0x0000000087900000, 0x0000000087900000|100%| O|  |TAMS 0x0000000087900000, 0x0000000087800000| Untracked 
| 121|0x0000000087900000, 0x0000000087a00000, 0x0000000087a00000|100%| O|  |TAMS 0x0000000087a00000, 0x0000000087900000| Untracked 
| 122|0x0000000087a00000, 0x0000000087b00000, 0x0000000087b00000|100%| O|  |TAMS 0x0000000087b00000, 0x0000000087a00000| Untracked 
| 123|0x0000000087b00000, 0x0000000087c00000, 0x0000000087c00000|100%| O|  |TAMS 0x0000000087c00000, 0x0000000087b00000| Untracked 
| 124|0x0000000087c00000, 0x0000000087d00000, 0x0000000087d00000|100%| O|  |TAMS 0x0000000087d00000, 0x0000000087c00000| Untracked 
| 125|0x0000000087d00000, 0x0000000087e00000, 0x0000000087e00000|100%| O|  |TAMS 0x0000000087e00000, 0x0000000087d00000| Untracked 
| 126|0x0000000087e00000, 0x0000000087f00000, 0x0000000087f00000|100%| O|  |TAMS 0x0000000087f00000, 0x0000000087e00000| Untracked 
| 127|0x0000000087f00000, 0x0000000088000000, 0x0000000088000000|100%| O|  |TAMS 0x0000000088000000, 0x0000000087f00000| Untracked 
| 128|0x0000000088000000, 0x0000000088100000, 0x0000000088100000|100%| O|  |TAMS 0x0000000088100000, 0x0000000088000000| Untracked 
| 129|0x0000000088100000, 0x0000000088200000, 0x0000000088200000|100%| O|  |TAMS 0x0000000088200000, 0x0000000088100000| Untracked 
| 130|0x0000000088200000, 0x0000000088300000, 0x0000000088300000|100%| O|  |TAMS 0x0000000088300000, 0x0000000088200000| Untracked 
| 131|0x0000000088300000, 0x0000000088400000, 0x0000000088400000|100%| O|  |TAMS 0x0000000088400000, 0x0000000088300000| Untracked 
| 132|0x0000000088400000, 0x0000000088500000, 0x0000000088500000|100%| O|  |TAMS 0x0000000088500000, 0x0000000088400000| Untracked 
| 133|0x0000000088500000, 0x0000000088600000, 0x0000000088600000|100%| O|  |TAMS 0x0000000088600000, 0x0000000088500000| Untracked 
| 134|0x0000000088600000, 0x0000000088700000, 0x0000000088700000|100%| O|  |TAMS 0x0000000088700000, 0x0000000088600000| Untracked 
| 135|0x0000000088700000, 0x0000000088800000, 0x0000000088800000|100%| O|  |TAMS 0x0000000088800000, 0x0000000088700000| Untracked 
| 136|0x0000000088800000, 0x0000000088900000, 0x0000000088900000|100%| O|  |TAMS 0x0000000088900000, 0x0000000088800000| Untracked 
| 137|0x0000000088900000, 0x0000000088a00000, 0x0000000088a00000|100%| O|  |TAMS 0x0000000088a00000, 0x0000000088900000| Untracked 
| 138|0x0000000088a00000, 0x0000000088b00000, 0x0000000088b00000|100%| O|  |TAMS 0x0000000088b00000, 0x0000000088a00000| Untracked 
| 139|0x0000000088b00000, 0x0000000088c00000, 0x0000000088c00000|100%| O|  |TAMS 0x0000000088c00000, 0x0000000088b00000| Untracked 
| 140|0x0000000088c00000, 0x0000000088d00000, 0x0000000088d00000|100%| O|  |TAMS 0x0000000088d00000, 0x0000000088c00000| Untracked 
| 141|0x0000000088d00000, 0x0000000088e00000, 0x0000000088e00000|100%| O|  |TAMS 0x0000000088e00000, 0x0000000088d00000| Untracked 
| 142|0x0000000088e00000, 0x0000000088f00000, 0x0000000088f00000|100%| O|  |TAMS 0x0000000088f00000, 0x0000000088e00000| Untracked 
| 143|0x0000000088f00000, 0x0000000089000000, 0x0000000089000000|100%| O|  |TAMS 0x0000000089000000, 0x0000000088f00000| Untracked 
| 144|0x0000000089000000, 0x0000000089100000, 0x0000000089100000|100%| O|  |TAMS 0x0000000089100000, 0x0000000089000000| Untracked 
| 145|0x0000000089100000, 0x0000000089200000, 0x0000000089200000|100%| O|  |TAMS 0x0000000089200000, 0x0000000089100000| Untracked 
| 146|0x0000000089200000, 0x0000000089300000, 0x0000000089300000|100%| O|  |TAMS 0x0000000089300000, 0x0000000089200000| Untracked 
| 147|0x0000000089300000, 0x0000000089400000, 0x0000000089400000|100%| O|  |TAMS 0x0000000089400000, 0x0000000089300000| Untracked 
| 148|0x0000000089400000, 0x0000000089500000, 0x0000000089500000|100%| O|  |TAMS 0x0000000089500000, 0x0000000089400000| Untracked 
| 149|0x0000000089500000, 0x0000000089600000, 0x0000000089600000|100%| O|  |TAMS 0x0000000089600000, 0x0000000089500000| Untracked 
| 150|0x0000000089600000, 0x0000000089700000, 0x0000000089700000|100%| O|  |TAMS 0x0000000089700000, 0x0000000089600000| Untracked 
| 151|0x0000000089700000, 0x0000000089800000, 0x0000000089800000|100%| O|  |TAMS 0x0000000089800000, 0x0000000089700000| Untracked 
| 152|0x0000000089800000, 0x0000000089900000, 0x0000000089900000|100%| O|  |TAMS 0x0000000089900000, 0x0000000089800000| Untracked 
| 153|0x0000000089900000, 0x0000000089a00000, 0x0000000089a00000|100%| O|  |TAMS 0x0000000089a00000, 0x0000000089900000| Untracked 
| 154|0x0000000089a00000, 0x0000000089b00000, 0x0000000089b00000|100%| O|  |TAMS 0x0000000089b00000, 0x0000000089a00000| Untracked 
| 155|0x0000000089b00000, 0x0000000089c00000, 0x0000000089c00000|100%| O|  |TAMS 0x0000000089c00000, 0x0000000089b00000| Untracked 
| 156|0x0000000089c00000, 0x0000000089d00000, 0x0000000089d00000|100%| O|  |TAMS 0x0000000089d00000, 0x0000000089c00000| Untracked 
| 157|0x0000000089d00000, 0x0000000089e00000, 0x0000000089e00000|100%| O|  |TAMS 0x0000000089e00000, 0x0000000089d00000| Untracked 
| 158|0x0000000089e00000, 0x0000000089f00000, 0x0000000089f00000|100%| O|  |TAMS 0x0000000089f00000, 0x0000000089e00000| Untracked 
| 159|0x0000000089f00000, 0x000000008a000000, 0x000000008a000000|100%| O|  |TAMS 0x000000008a000000, 0x0000000089f00000| Untracked 
| 160|0x000000008a000000, 0x000000008a100000, 0x000000008a100000|100%| O|  |TAMS 0x000000008a100000, 0x000000008a000000| Untracked 
| 161|0x000000008a100000, 0x000000008a200000, 0x000000008a200000|100%| O|  |TAMS 0x000000008a129e00, 0x000000008a100000| Untracked 
| 162|0x000000008a200000, 0x000000008a300000, 0x000000008a300000|100%| O|  |TAMS 0x000000008a200000, 0x000000008a200000| Untracked 
| 163|0x000000008a300000, 0x000000008a400000, 0x000000008a400000|100%| O|  |TAMS 0x000000008a300000, 0x000000008a300000| Untracked 
| 164|0x000000008a400000, 0x000000008a500000, 0x000000008a500000|100%| O|  |TAMS 0x000000008a400000, 0x000000008a400000| Untracked 
| 165|0x000000008a500000, 0x000000008a600000, 0x000000008a600000|100%| O|  |TAMS 0x000000008a500000, 0x000000008a500000| Untracked 
| 166|0x000000008a600000, 0x000000008a700000, 0x000000008a700000|100%| O|  |TAMS 0x000000008a600000, 0x000000008a600000| Untracked 
| 167|0x000000008a700000, 0x000000008a800000, 0x000000008a800000|100%| O|  |TAMS 0x000000008a700000, 0x000000008a700000| Untracked 
| 168|0x000000008a800000, 0x000000008a900000, 0x000000008a900000|100%| O|  |TAMS 0x000000008a800000, 0x000000008a800000| Untracked 
| 169|0x000000008a900000, 0x000000008aa00000, 0x000000008aa00000|100%| O|  |TAMS 0x000000008a900000, 0x000000008a900000| Untracked 
| 170|0x000000008aa00000, 0x000000008ab00000, 0x000000008ab00000|100%| O|  |TAMS 0x000000008aa00000, 0x000000008aa00000| Untracked 
| 171|0x000000008ab00000, 0x000000008ac00000, 0x000000008ac00000|100%| O|  |TAMS 0x000000008ab00000, 0x000000008ab00000| Untracked 
| 172|0x000000008ac00000, 0x000000008ad00000, 0x000000008ad00000|100%| O|  |TAMS 0x000000008ac00000, 0x000000008ac00000| Untracked 
| 173|0x000000008ad00000, 0x000000008ae00000, 0x000000008ae00000|100%| O|  |TAMS 0x000000008ad00000, 0x000000008ad00000| Untracked 
| 174|0x000000008ae00000, 0x000000008af00000, 0x000000008af00000|100%| O|  |TAMS 0x000000008ae00000, 0x000000008ae00000| Untracked 
| 175|0x000000008af00000, 0x000000008b000000, 0x000000008b000000|100%| O|  |TAMS 0x000000008af00000, 0x000000008af00000| Untracked 
| 176|0x000000008b000000, 0x000000008b100000, 0x000000008b100000|100%| O|  |TAMS 0x000000008b000000, 0x000000008b000000| Untracked 
| 177|0x000000008b100000, 0x000000008b168600, 0x000000008b200000| 40%| O|  |TAMS 0x000000008b100000, 0x000000008b100000| Untracked 
| 178|0x000000008b200000, 0x000000008b200000, 0x000000008b300000|  0%| F|  |TAMS 0x000000008b200000, 0x000000008b200000| Untracked 
| 179|0x000000008b300000, 0x000000008b300000, 0x000000008b400000|  0%| F|  |TAMS 0x000000008b300000, 0x000000008b300000| Untracked 
| 180|0x000000008b400000, 0x000000008b400000, 0x000000008b500000|  0%| F|  |TAMS 0x000000008b400000, 0x000000008b400000| Untracked 
| 181|0x000000008b500000, 0x000000008b500000, 0x000000008b600000|  0%| F|  |TAMS 0x000000008b500000, 0x000000008b500000| Untracked 
| 182|0x000000008b600000, 0x000000008b600000, 0x000000008b700000|  0%| F|  |TAMS 0x000000008b600000, 0x000000008b600000| Untracked 
| 183|0x000000008b700000, 0x000000008b700000, 0x000000008b800000|  0%| F|  |TAMS 0x000000008b700000, 0x000000008b700000| Untracked 
| 184|0x000000008b800000, 0x000000008b800000, 0x000000008b900000|  0%| F|  |TAMS 0x000000008b800000, 0x000000008b800000| Untracked 
| 185|0x000000008b900000, 0x000000008b900000, 0x000000008ba00000|  0%| F|  |TAMS 0x000000008b900000, 0x000000008b900000| Untracked 
| 186|0x000000008ba00000, 0x000000008ba00000, 0x000000008bb00000|  0%| F|  |TAMS 0x000000008ba00000, 0x000000008ba00000| Untracked 
| 187|0x000000008bb00000, 0x000000008bb00000, 0x000000008bc00000|  0%| F|  |TAMS 0x000000008bb00000, 0x000000008bb00000| Untracked 
| 188|0x000000008bc00000, 0x000000008bc00000, 0x000000008bd00000|  0%| F|  |TAMS 0x000000008bc00000, 0x000000008bc00000| Untracked 
| 189|0x000000008bd00000, 0x000000008bd00000, 0x000000008be00000|  0%| F|  |TAMS 0x000000008bd00000, 0x000000008bd00000| Untracked 
| 190|0x000000008be00000, 0x000000008be00000, 0x000000008bf00000|  0%| F|  |TAMS 0x000000008be00000, 0x000000008be00000| Untracked 
| 191|0x000000008bf00000, 0x000000008bf00000, 0x000000008c000000|  0%| F|  |TAMS 0x000000008bf00000, 0x000000008bf00000| Untracked 
| 192|0x000000008c000000, 0x000000008c000000, 0x000000008c100000|  0%| F|  |TAMS 0x000000008c000000, 0x000000008c000000| Untracked 
| 193|0x000000008c100000, 0x000000008c100000, 0x000000008c200000|  0%| F|  |TAMS 0x000000008c100000, 0x000000008c100000| Untracked 
| 194|0x000000008c200000, 0x000000008c200000, 0x000000008c300000|  0%| F|  |TAMS 0x000000008c200000, 0x000000008c200000| Untracked 
| 195|0x000000008c300000, 0x000000008c300000, 0x000000008c400000|  0%| F|  |TAMS 0x000000008c300000, 0x000000008c300000| Untracked 
| 196|0x000000008c400000, 0x000000008c400000, 0x000000008c500000|  0%| F|  |TAMS 0x000000008c400000, 0x000000008c400000| Untracked 
| 197|0x000000008c500000, 0x000000008c500000, 0x000000008c600000|  0%| F|  |TAMS 0x000000008c500000, 0x000000008c500000| Untracked 
| 198|0x000000008c600000, 0x000000008c600000, 0x000000008c700000|  0%| F|  |TAMS 0x000000008c600000, 0x000000008c600000| Untracked 
| 199|0x000000008c700000, 0x000000008c700000, 0x000000008c800000|  0%| F|  |TAMS 0x000000008c700000, 0x000000008c700000| Untracked 
| 200|0x000000008c800000, 0x000000008c800000, 0x000000008c900000|  0%| F|  |TAMS 0x000000008c800000, 0x000000008c800000| Untracked 
| 201|0x000000008c900000, 0x000000008c900000, 0x000000008ca00000|  0%| F|  |TAMS 0x000000008c900000, 0x000000008c900000| Untracked 
| 202|0x000000008ca00000, 0x000000008ca00000, 0x000000008cb00000|  0%| F|  |TAMS 0x000000008ca00000, 0x000000008ca00000| Untracked 
| 203|0x000000008cb00000, 0x000000008cb00000, 0x000000008cc00000|  0%| F|  |TAMS 0x000000008cb00000, 0x000000008cb00000| Untracked 
| 204|0x000000008cc00000, 0x000000008cc00000, 0x000000008cd00000|  0%| F|  |TAMS 0x000000008cc00000, 0x000000008cc00000| Untracked 
| 205|0x000000008cd00000, 0x000000008cd00000, 0x000000008ce00000|  0%| F|  |TAMS 0x000000008cd00000, 0x000000008cd00000| Untracked 
| 206|0x000000008ce00000, 0x000000008ce00000, 0x000000008cf00000|  0%| F|  |TAMS 0x000000008ce00000, 0x000000008ce00000| Untracked 
| 207|0x000000008cf00000, 0x000000008cf00000, 0x000000008d000000|  0%| F|  |TAMS 0x000000008cf00000, 0x000000008cf00000| Untracked 
| 208|0x000000008d000000, 0x000000008d000000, 0x000000008d100000|  0%| F|  |TAMS 0x000000008d000000, 0x000000008d000000| Untracked 
| 209|0x000000008d100000, 0x000000008d100000, 0x000000008d200000|  0%| F|  |TAMS 0x000000008d100000, 0x000000008d100000| Untracked 
| 210|0x000000008d200000, 0x000000008d200000, 0x000000008d300000|  0%| F|  |TAMS 0x000000008d200000, 0x000000008d200000| Untracked 
| 211|0x000000008d300000, 0x000000008d300000, 0x000000008d400000|  0%| F|  |TAMS 0x000000008d300000, 0x000000008d300000| Untracked 
| 212|0x000000008d400000, 0x000000008d400000, 0x000000008d500000|  0%| F|  |TAMS 0x000000008d400000, 0x000000008d400000| Untracked 
| 213|0x000000008d500000, 0x000000008d500000, 0x000000008d600000|  0%| F|  |TAMS 0x000000008d500000, 0x000000008d500000| Untracked 
| 214|0x000000008d600000, 0x000000008d600000, 0x000000008d700000|  0%| F|  |TAMS 0x000000008d600000, 0x000000008d600000| Untracked 
| 215|0x000000008d700000, 0x000000008d700000, 0x000000008d800000|  0%| F|  |TAMS 0x000000008d700000, 0x000000008d700000| Untracked 
| 216|0x000000008d800000, 0x000000008d800000, 0x000000008d900000|  0%| F|  |TAMS 0x000000008d800000, 0x000000008d800000| Untracked 
| 217|0x000000008d900000, 0x000000008d900000, 0x000000008da00000|  0%| F|  |TAMS 0x000000008d900000, 0x000000008d900000| Untracked 
| 218|0x000000008da00000, 0x000000008da00000, 0x000000008db00000|  0%| F|  |TAMS 0x000000008da00000, 0x000000008da00000| Untracked 
| 219|0x000000008db00000, 0x000000008dbb1980, 0x000000008dc00000| 69%| S|CS|TAMS 0x000000008db00000, 0x000000008db00000| Complete 
| 220|0x000000008dc00000, 0x000000008dd00000, 0x000000008dd00000|100%| S|CS|TAMS 0x000000008dc00000, 0x000000008dc00000| Complete 
| 221|0x000000008dd00000, 0x000000008de00000, 0x000000008de00000|100%| S|CS|TAMS 0x000000008dd00000, 0x000000008dd00000| Complete 
| 222|0x000000008de00000, 0x000000008de00000, 0x000000008df00000|  0%| F|  |TAMS 0x000000008de00000, 0x000000008de00000| Untracked 
| 223|0x000000008df00000, 0x000000008df00000, 0x000000008e000000|  0%| F|  |TAMS 0x000000008df00000, 0x000000008df00000| Untracked 
| 224|0x000000008e000000, 0x000000008e000000, 0x000000008e100000|  0%| F|  |TAMS 0x000000008e000000, 0x000000008e000000| Untracked 
| 225|0x000000008e100000, 0x000000008e100000, 0x000000008e200000|  0%| F|  |TAMS 0x000000008e100000, 0x000000008e100000| Untracked 
| 226|0x000000008e200000, 0x000000008e200000, 0x000000008e300000|  0%| F|  |TAMS 0x000000008e200000, 0x000000008e200000| Untracked 
| 227|0x000000008e300000, 0x000000008e300000, 0x000000008e400000|  0%| F|  |TAMS 0x000000008e300000, 0x000000008e300000| Untracked 
| 228|0x000000008e400000, 0x000000008e400000, 0x000000008e500000|  0%| F|  |TAMS 0x000000008e400000, 0x000000008e400000| Untracked 
| 229|0x000000008e500000, 0x000000008e500000, 0x000000008e600000|  0%| F|  |TAMS 0x000000008e500000, 0x000000008e500000| Untracked 
| 230|0x000000008e600000, 0x000000008e600000, 0x000000008e700000|  0%| F|  |TAMS 0x000000008e600000, 0x000000008e600000| Untracked 
| 231|0x000000008e700000, 0x000000008e700000, 0x000000008e800000|  0%| F|  |TAMS 0x000000008e700000, 0x000000008e700000| Untracked 
| 232|0x000000008e800000, 0x000000008e800000, 0x000000008e900000|  0%| F|  |TAMS 0x000000008e800000, 0x000000008e800000| Untracked 
| 233|0x000000008e900000, 0x000000008e900000, 0x000000008ea00000|  0%| F|  |TAMS 0x000000008e900000, 0x000000008e900000| Untracked 
| 234|0x000000008ea00000, 0x000000008ea00000, 0x000000008eb00000|  0%| F|  |TAMS 0x000000008ea00000, 0x000000008ea00000| Untracked 
| 235|0x000000008eb00000, 0x000000008eb00000, 0x000000008ec00000|  0%| F|  |TAMS 0x000000008eb00000, 0x000000008eb00000| Untracked 
| 236|0x000000008ec00000, 0x000000008ec00000, 0x000000008ed00000|  0%| F|  |TAMS 0x000000008ec00000, 0x000000008ec00000| Untracked 
| 237|0x000000008ed00000, 0x000000008ed00000, 0x000000008ee00000|  0%| F|  |TAMS 0x000000008ed00000, 0x000000008ed00000| Untracked 
| 238|0x000000008ee00000, 0x000000008ee00000, 0x000000008ef00000|  0%| F|  |TAMS 0x000000008ee00000, 0x000000008ee00000| Untracked 
| 239|0x000000008ef00000, 0x000000008ef00000, 0x000000008f000000|  0%| F|  |TAMS 0x000000008ef00000, 0x000000008ef00000| Untracked 
| 240|0x000000008f000000, 0x000000008f000000, 0x000000008f100000|  0%| F|  |TAMS 0x000000008f000000, 0x000000008f000000| Untracked 
| 241|0x000000008f100000, 0x000000008f100000, 0x000000008f200000|  0%| F|  |TAMS 0x000000008f100000, 0x000000008f100000| Untracked 
| 242|0x000000008f200000, 0x000000008f200000, 0x000000008f300000|  0%| F|  |TAMS 0x000000008f200000, 0x000000008f200000| Untracked 
| 243|0x000000008f300000, 0x000000008f300000, 0x000000008f400000|  0%| F|  |TAMS 0x000000008f300000, 0x000000008f300000| Untracked 
| 244|0x000000008f400000, 0x000000008f400000, 0x000000008f500000|  0%| F|  |TAMS 0x000000008f400000, 0x000000008f400000| Untracked 
| 245|0x000000008f500000, 0x000000008f500000, 0x000000008f600000|  0%| F|  |TAMS 0x000000008f500000, 0x000000008f500000| Untracked 
| 246|0x000000008f600000, 0x000000008f600000, 0x000000008f700000|  0%| F|  |TAMS 0x000000008f600000, 0x000000008f600000| Untracked 
| 247|0x000000008f700000, 0x000000008f700000, 0x000000008f800000|  0%| F|  |TAMS 0x000000008f700000, 0x000000008f700000| Untracked 
| 248|0x000000008f800000, 0x000000008f800000, 0x000000008f900000|  0%| F|  |TAMS 0x000000008f800000, 0x000000008f800000| Untracked 
| 249|0x000000008f900000, 0x000000008f900000, 0x000000008fa00000|  0%| F|  |TAMS 0x000000008f900000, 0x000000008f900000| Untracked 
| 250|0x000000008fa00000, 0x000000008fa00000, 0x000000008fb00000|  0%| F|  |TAMS 0x000000008fa00000, 0x000000008fa00000| Untracked 
| 251|0x000000008fb00000, 0x000000008fb00000, 0x000000008fc00000|  0%| F|  |TAMS 0x000000008fb00000, 0x000000008fb00000| Untracked 
| 252|0x000000008fc00000, 0x000000008fc00000, 0x000000008fd00000|  0%| F|  |TAMS 0x000000008fc00000, 0x000000008fc00000| Untracked 
| 253|0x000000008fd00000, 0x000000008fd00000, 0x000000008fe00000|  0%| F|  |TAMS 0x000000008fd00000, 0x000000008fd00000| Untracked 
| 254|0x000000008fe00000, 0x000000008fe00000, 0x000000008ff00000|  0%| F|  |TAMS 0x000000008fe00000, 0x000000008fe00000| Untracked 
| 255|0x000000008ff00000, 0x000000008ff00000, 0x0000000090000000|  0%| F|  |TAMS 0x000000008ff00000, 0x000000008ff00000| Untracked 
| 256|0x0000000090000000, 0x0000000090000000, 0x0000000090100000|  0%| F|  |TAMS 0x0000000090000000, 0x0000000090000000| Untracked 
| 257|0x0000000090100000, 0x0000000090100000, 0x0000000090200000|  0%| F|  |TAMS 0x0000000090100000, 0x0000000090100000| Untracked 
| 258|0x0000000090200000, 0x0000000090200000, 0x0000000090300000|  0%| F|  |TAMS 0x0000000090200000, 0x0000000090200000| Untracked 
| 259|0x0000000090300000, 0x0000000090300000, 0x0000000090400000|  0%| F|  |TAMS 0x0000000090300000, 0x0000000090300000| Untracked 
| 260|0x0000000090400000, 0x0000000090400000, 0x0000000090500000|  0%| F|  |TAMS 0x0000000090400000, 0x0000000090400000| Untracked 

Card table byte_map: [0x000001eeecdd0000,0x000001eeed1d0000] _byte_map_base: 0x000001eeec9d0000

Marking Bits (Prev, Next): (CMBitMap*) 0x000001eed9bc9aa0, (CMBitMap*) 0x000001eed9bc9a68
 Prev Bits: [0x000001eeef5d0000, 0x000001eef15d0000)
 Next Bits: [0x000001eeed5d0000, 0x000001eeef5d0000)

Polling page: 0x000001eed7b20000

Metaspace:

Usage:
  Non-class:     91.93 MB capacity,    90.39 MB ( 98%) used,     1.23 MB (  1%) free+waste,   319.75 KB ( <1%) overhead. 
      Class:     14.29 MB capacity,    13.30 MB ( 93%) used,   866.54 KB (  6%) free+waste,   144.25 KB ( <1%) overhead. 
       Both:    106.22 MB capacity,   103.69 MB ( 98%) used,     2.08 MB (  2%) free+waste,   464.00 KB ( <1%) overhead. 

Virtual space:
  Non-class space:       94.00 MB reserved,      92.34 MB ( 98%) committed 
      Class space:        1.00 GB reserved,      14.57 MB (  1%) committed 
             Both:        1.09 GB reserved,     106.91 MB ( 10%) committed 

Chunk freelists:
   Non-Class:  283.00 KB
       Class:  218.00 KB
        Both:  501.00 KB

MaxMetaspaceSize: 17179869184.00 GB
CompressedClassSpaceSize: 1.00 GB
Initial GC threshold: 20.80 MB
Current GC threshold: 176.31 MB
CDS: off

CodeHeap 'non-profiled nmethods': size=120000Kb used=7421Kb max_used=7421Kb free=112578Kb
 bounds [0x000001eee5170000, 0x000001eee58b0000, 0x000001eeec6a0000]
CodeHeap 'profiled nmethods': size=120000Kb used=28813Kb max_used=28813Kb free=91186Kb
 bounds [0x000001eeddc40000, 0x000001eedf870000, 0x000001eee5170000]
CodeHeap 'non-nmethods': size=5760Kb used=2420Kb max_used=2505Kb free=3339Kb
 bounds [0x000001eedd6a0000, 0x000001eedd930000, 0x000001eeddc40000]
 total_blobs=14266 nmethods=13341 adapters=835
 compilation: enabled
              stopped_count=0, restarted_count=0
 full_count=0

Compilation events (20 events):
Event: 12.598 Thread 0x000001eef49b2000 nmethod 13494 0x000001eee58ace90 code [0x000001eee58ad0e0, 0x000001eee58adab8]
Event: 12.598 Thread 0x000001eef403a000 nmethod 13548 0x000001eedf85ae10 code [0x000001eedf85afc0, 0x000001eedf85b1d8]
Event: 12.598 Thread 0x000001eef403a000 13551       3       java.util.Collections$SetFromMap::iterator (10 bytes)
Event: 12.598 Thread 0x000001eef403a000 nmethod 13551 0x000001eedf85b310 code [0x000001eedf85b4c0, 0x000001eedf85b688]
Event: 12.598 Thread 0x000001eef49b2000 13550       4       com.android.tools.r8.internal.Gq::l (143 bytes)
Event: 12.598 Thread 0x000001eef403a000 13333       1       com.android.tools.r8.code.K2::v (2 bytes)
Event: 12.598 Thread 0x000001eef403a000 nmethod 13333 0x000001eee58ae310 code [0x000001eee58ae4c0, 0x000001eee58ae578]
Event: 12.598 Thread 0x000001eef403a000 13371       1       com.android.tools.r8.ir.regalloc.b::a (5 bytes)
Event: 12.598 Thread 0x000001eef403a000 nmethod 13371 0x000001eee58ae610 code [0x000001eee58ae7c0, 0x000001eee58ae858]
Event: 12.598 Thread 0x000001eef403a000 13552       3       com.android.tools.r8.internal.h4::S (9 bytes)
Event: 12.599 Thread 0x000001eef403a000 nmethod 13552 0x000001eedf85b790 code [0x000001eedf85b9c0, 0x000001eedf85c0c8]
Event: 12.599 Thread 0x000001eef403a000 13553       3       com.android.tools.r8.internal.Tl::G (324 bytes)
Event: 12.599 Thread 0x000001eef71de800 nmethod 13546 0x000001eee58ae910 code [0x000001eee58aeac0, 0x000001eee58aebd8]
Event: 12.599 Thread 0x000001eef71de800 13545       4       com.android.tools.r8.internal.h4::m (83 bytes)
Event: 12.600 Thread 0x000001eef49b2000 nmethod 13550 0x000001eee58aed90 code [0x000001eee58aef40, 0x000001eee58af0b8]
Event: 12.600 Thread 0x000001eef49b2000 13563       4       com.android.tools.r8.internal.Iq::get (106 bytes)
Event: 12.601 Thread 0x000001eef71de800 nmethod 13545 0x000001eee58af210 code [0x000001eee58af3c0, 0x000001eee58af558]
Event: 12.601 Thread 0x000001eef71de800 13561       4       java.util.LinkedList::get (14 bytes)
Event: 12.602 Thread 0x000001eef403a000 nmethod 13553 0x000001eedf85c390 code [0x000001eedf85cb40, 0x000001eedf861ca8]
Event: 12.602 Thread 0x000001eef403a000 13558       3       com.android.tools.r8.internal.kV::a (16 bytes)

GC Heap History (20 events):
Event: 11.210 GC heap after
{Heap after GC invocations=26 (full 0):
 garbage-first heap   total 183296K, used 108410K [0x0000000080000000, 0x0000000100000000)
  region size 1024K, 4 young (4096K), 4 survivors (4096K)
 Metaspace       used 94972K, capacity 97085K, committed 98340K, reserved 1134592K
  class space    used 12062K, capacity 12852K, committed 13260K, reserved 1048576K
}
Event: 11.414 GC heap before
{Heap before GC invocations=27 (full 0):
 garbage-first heap   total 183296K, used 153466K [0x0000000080000000, 0x0000000100000000)
  region size 1024K, 49 young (50176K), 4 survivors (4096K)
 Metaspace       used 96036K, capacity 98315K, committed 99236K, reserved 1134592K
  class space    used 12232K, capacity 13049K, committed 13388K, reserved 1048576K
}
Event: 11.418 GC heap after
{Heap after GC invocations=28 (full 0):
 garbage-first heap   total 220160K, used 114090K [0x0000000080000000, 0x0000000100000000)
  region size 1024K, 6 young (6144K), 6 survivors (6144K)
 Metaspace       used 96036K, capacity 98315K, committed 99236K, reserved 1134592K
  class space    used 12232K, capacity 13049K, committed 13388K, reserved 1048576K
}
Event: 11.559 GC heap before
{Heap before GC invocations=28 (full 0):
 garbage-first heap   total 220160K, used 163242K [0x0000000080000000, 0x0000000100000000)
  region size 1024K, 56 young (57344K), 6 survivors (6144K)
 Metaspace       used 97611K, capacity 99911K, committed 100644K, reserved 1136640K
  class space    used 12439K, capacity 13285K, committed 13516K, reserved 1048576K
}
Event: 11.565 GC heap after
{Heap after GC invocations=29 (full 0):
 garbage-first heap   total 220160K, used 123157K [0x0000000080000000, 0x0000000100000000)
  region size 1024K, 8 young (8192K), 8 survivors (8192K)
 Metaspace       used 97611K, capacity 99911K, committed 100644K, reserved 1136640K
  class space    used 12439K, capacity 13285K, committed 13516K, reserved 1048576K
}
Event: 11.757 GC heap before
{Heap before GC invocations=30 (full 0):
 garbage-first heap   total 220160K, used 176405K [0x0000000080000000, 0x0000000100000000)
  region size 1024K, 59 young (60416K), 8 survivors (8192K)
 Metaspace       used 99794K, capacity 102247K, committed 102820K, reserved 1138688K
  class space    used 12757K, capacity 13688K, committed 13900K, reserved 1048576K
}
Event: 11.764 GC heap after
{Heap after GC invocations=31 (full 0):
 garbage-first heap   total 220160K, used 131328K [0x0000000080000000, 0x0000000100000000)
  region size 1024K, 8 young (8192K), 8 survivors (8192K)
 Metaspace       used 99794K, capacity 102247K, committed 102820K, reserved 1138688K
  class space    used 12757K, capacity 13688K, committed 13900K, reserved 1048576K
}
Event: 11.853 GC heap before
{Heap before GC invocations=31 (full 0):
 garbage-first heap   total 220160K, used 177408K [0x0000000080000000, 0x0000000100000000)
  region size 1024K, 53 young (54272K), 8 survivors (8192K)
 Metaspace       used 100836K, capacity 103304K, committed 103716K, reserved 1138688K
  class space    used 12888K, capacity 13826K, committed 14028K, reserved 1048576K
}
Event: 11.863 GC heap after
{Heap after GC invocations=32 (full 0):
 garbage-first heap   total 220160K, used 138146K [0x0000000080000000, 0x0000000100000000)
  region size 1024K, 7 young (7168K), 7 survivors (7168K)
 Metaspace       used 100836K, capacity 103304K, committed 103716K, reserved 1138688K
  class space    used 12888K, capacity 13826K, committed 14028K, reserved 1048576K
}
Event: 11.939 GC heap before
{Heap before GC invocations=32 (full 0):
 garbage-first heap   total 220160K, used 180130K [0x0000000080000000, 0x0000000100000000)
  region size 1024K, 48 young (49152K), 7 survivors (7168K)
 Metaspace       used 101317K, capacity 103769K, committed 104228K, reserved 1140736K
  class space    used 12950K, capacity 13895K, committed 14028K, reserved 1048576K
}
Event: 11.949 GC heap after
{Heap after GC invocations=33 (full 0):
 garbage-first heap   total 220160K, used 146586K [0x0000000080000000, 0x0000000100000000)
  region size 1024K, 6 young (6144K), 6 survivors (6144K)
 Metaspace       used 101317K, capacity 103769K, committed 104228K, reserved 1140736K
  class space    used 12950K, capacity 13895K, committed 14028K, reserved 1048576K
}
Event: 12.046 GC heap before
{Heap before GC invocations=33 (full 0):
 garbage-first heap   total 220160K, used 180378K [0x0000000080000000, 0x0000000100000000)
  region size 1024K, 40 young (40960K), 6 survivors (6144K)
 Metaspace       used 102100K, capacity 104656K, committed 104868K, reserved 1140736K
  class space    used 13065K, capacity 14083K, committed 14156K, reserved 1048576K
}
Event: 12.058 GC heap after
{Heap after GC invocations=34 (full 0):
 garbage-first heap   total 267264K, used 153400K [0x0000000080000000, 0x0000000100000000)
  region size 1024K, 5 young (5120K), 5 survivors (5120K)
 Metaspace       used 102100K, capacity 104656K, committed 104868K, reserved 1140736K
  class space    used 13065K, capacity 14083K, committed 14156K, reserved 1048576K
}
Event: 12.168 GC heap before
{Heap before GC invocations=35 (full 0):
 garbage-first heap   total 267264K, used 205624K [0x0000000080000000, 0x0000000100000000)
  region size 1024K, 56 young (57344K), 5 survivors (5120K)
 Metaspace       used 102932K, capacity 105498K, committed 105764K, reserved 1140736K
  class space    used 13220K, capacity 14254K, committed 14284K, reserved 1048576K
}
Event: 12.178 GC heap after
{Heap after GC invocations=36 (full 0):
 garbage-first heap   total 267264K, used 162728K [0x0000000080000000, 0x0000000100000000)
  region size 1024K, 7 young (7168K), 7 survivors (7168K)
 Metaspace       used 102932K, capacity 105498K, committed 105764K, reserved 1140736K
  class space    used 13220K, capacity 14254K, committed 14284K, reserved 1048576K
}
Event: 12.224 GC heap before
{Heap before GC invocations=36 (full 0):
 garbage-first heap   total 267264K, used 212904K [0x0000000080000000, 0x0000000100000000)
  region size 1024K, 56 young (57344K), 7 survivors (7168K)
 Metaspace       used 103627K, capacity 106241K, committed 106404K, reserved 1140736K
  class space    used 13342K, capacity 14383K, committed 14412K, reserved 1048576K
}
Event: 12.235 GC heap after
{Heap after GC invocations=37 (full 0):
 garbage-first heap   total 267264K, used 172199K [0x0000000080000000, 0x0000000100000000)
  region size 1024K, 7 young (7168K), 7 survivors (7168K)
 Metaspace       used 103627K, capacity 106241K, committed 106404K, reserved 1140736K
  class space    used 13342K, capacity 14383K, committed 14412K, reserved 1048576K
}
Event: 12.321 GC heap before
{Heap before GC invocations=37 (full 0):
 garbage-first heap   total 267264K, used 217255K [0x0000000080000000, 0x0000000100000000)
  region size 1024K, 51 young (52224K), 7 survivors (7168K)
 Metaspace       used 104817K, capacity 107533K, committed 107684K, reserved 1142784K
  class space    used 13535K, capacity 14628K, committed 14668K, reserved 1048576K
}
Event: 12.331 GC heap after
{Heap after GC invocations=38 (full 0):
 garbage-first heap   total 267264K, used 181248K [0x0000000080000000, 0x0000000100000000)
  region size 1024K, 7 young (7168K), 7 survivors (7168K)
 Metaspace       used 104817K, capacity 107533K, committed 107684K, reserved 1142784K
  class space    used 13535K, capacity 14628K, committed 14668K, reserved 1048576K
}
Event: 12.602 GC heap before
{Heap before GC invocations=39 (full 0):
 garbage-first heap   total 267264K, used 221184K [0x0000000080000000, 0x0000000100000000)
  region size 1024K, 46 young (47104K), 7 survivors (7168K)
 Metaspace       used 106178K, capacity 108771K, committed 109476K, reserved 1144832K
  class space    used 13619K, capacity 14630K, committed 14924K, reserved 1048576K
}

Deoptimization events (20 events):
Event: 12.520 Thread 0x000001eef78bb000 DEOPT PACKING pc=0x000001eee58264e4 sp=0x000000da0b6f9d60
Event: 12.520 Thread 0x000001eef78bb000 DEOPT UNPACKING pc=0x000001eedd6a85af sp=0x000000da0b6f9ce8 mode 2
Event: 12.542 Thread 0x000001eefa816800 DEOPT PACKING pc=0x000001eedf78b3e3 sp=0x000000da0f1f9b30
Event: 12.542 Thread 0x000001eefa816800 DEOPT UNPACKING pc=0x000001eedd6e9d0e sp=0x000000da0f1f8fc8 mode 0
Event: 12.578 Thread 0x000001eefa816800 Uncommon trap: trap_request=0xffffffbe fr.pc=0x000001eee58a71d0 relative=0x0000000000000890
Event: 12.578 Thread 0x000001eefa816800 Uncommon trap: reason=profile_predicate action=maybe_recompile pc=0x000001eee58a71d0 method=com.android.tools.r8.internal.zt.a(Ljava/util/Iterator;Lcom/android/tools/r8/internal/OJ;)Z @ 15 c2
Event: 12.578 Thread 0x000001eefa816800 DEOPT PACKING pc=0x000001eee58a71d0 sp=0x000000da0f1f9e40
Event: 12.578 Thread 0x000001eefa816800 DEOPT UNPACKING pc=0x000001eedd6a85af sp=0x000000da0f1f9e08 mode 2
Event: 12.578 Thread 0x000001eefa816800 Uncommon trap: trap_request=0xffffffbe fr.pc=0x000001eee58a71d0 relative=0x0000000000000890
Event: 12.578 Thread 0x000001eefa816800 Uncommon trap: reason=profile_predicate action=maybe_recompile pc=0x000001eee58a71d0 method=com.android.tools.r8.internal.zt.a(Ljava/util/Iterator;Lcom/android/tools/r8/internal/OJ;)Z @ 15 c2
Event: 12.578 Thread 0x000001eefa816800 DEOPT PACKING pc=0x000001eee58a71d0 sp=0x000000da0f1f9e40
Event: 12.578 Thread 0x000001eefa816800 DEOPT UNPACKING pc=0x000001eedd6a85af sp=0x000000da0f1f9e08 mode 2
Event: 12.578 Thread 0x000001eefa816800 Uncommon trap: trap_request=0xffffffbe fr.pc=0x000001eee58a71d0 relative=0x0000000000000890
Event: 12.578 Thread 0x000001eefa816800 Uncommon trap: reason=profile_predicate action=maybe_recompile pc=0x000001eee58a71d0 method=com.android.tools.r8.internal.zt.a(Ljava/util/Iterator;Lcom/android/tools/r8/internal/OJ;)Z @ 15 c2
Event: 12.578 Thread 0x000001eefa816800 DEOPT PACKING pc=0x000001eee58a71d0 sp=0x000000da0f1f9e40
Event: 12.578 Thread 0x000001eefa816800 DEOPT UNPACKING pc=0x000001eedd6a85af sp=0x000000da0f1f9e08 mode 2
Event: 12.578 Thread 0x000001eefa816800 Uncommon trap: trap_request=0xffffffbe fr.pc=0x000001eee58a71d0 relative=0x0000000000000890
Event: 12.578 Thread 0x000001eefa816800 Uncommon trap: reason=profile_predicate action=maybe_recompile pc=0x000001eee58a71d0 method=com.android.tools.r8.internal.zt.a(Ljava/util/Iterator;Lcom/android/tools/r8/internal/OJ;)Z @ 15 c2
Event: 12.578 Thread 0x000001eefa816800 DEOPT PACKING pc=0x000001eee58a71d0 sp=0x000000da0f1f9e40
Event: 12.578 Thread 0x000001eefa816800 DEOPT UNPACKING pc=0x000001eedd6a85af sp=0x000000da0f1f9e08 mode 2

Classes redefined (0 events):
No events

Internal exceptions (20 events):
Event: 11.629 Thread 0x000001eefa819000 Exception <a 'java/lang/NoSuchMethodError'{0x000000008c0fbc80}: 'java.lang.Object java.lang.invoke.Invokers$Holder.linkToTargetMethod(long, java.lang.Object)'> (0x000000008c0fbc80) thrown at [./src/hotspot/share/interpreter/linkResolver.cpp, line 773]
Event: 11.756 Thread 0x000001eefa819000 Exception <a 'java/lang/IncompatibleClassChangeError'{0x0000000089c77868}: Found class java.lang.Object, but interface was expected> (0x0000000089c77868) thrown at [./src/hotspot/share/interpreter/linkResolver.cpp, line 839]
Event: 11.952 Thread 0x000001eef78bb000 Implicit null exception at 0x000001eee58430b8 to 0x000001eee5843198
Event: 12.010 Thread 0x000001eefa816800 Exception <a 'java/lang/NoSuchMethodError'{0x000000008c103c10}: 'java.lang.Object java.lang.invoke.DirectMethodHandle$Holder.invokeStatic(java.lang.Object, int, java.lang.Object, java.lang.Object)'> (0x000000008c103c10) thrown at [./src/hotspot/share/interpreter/linkResolver.cpp, line 773]
Event: 12.010 Thread 0x000001eef78c6800 Exception <a 'java/lang/NoSuchMethodError'{0x000000008c2707d8}: 'java.lang.Object java.lang.invoke.DirectMethodHandle$Holder.invokeStatic(java.lang.Object, int, java.lang.Object, java.lang.Object)'> (0x000000008c2707d8) thrown at [./src/hotspot/share/interpreter/linkResolver.cpp, line 773]
Event: 12.010 Thread 0x000001eefa819000 Exception <a 'java/lang/NoSuchMethodError'{0x000000008c185f50}: 'java.lang.Object java.lang.invoke.DirectMethodHandle$Holder.invokeStatic(java.lang.Object, int, java.lang.Object, java.lang.Object)'> (0x000000008c185f50) thrown at [./src/hotspot/share/interpreter/linkResolver.cpp, line 773]
Event: 12.035 Thread 0x000001eef8f2f800 Implicit null exception at 0x000001eee5846ddc to 0x000001eee58499d0
Event: 12.155 Thread 0x000001eef78c6800 Exception <a 'java/lang/NoSuchMethodError'{0x000000008dc98358}: 'int java.lang.invoke.DirectMethodHandle$Holder.invokeSpecial(java.lang.Object, java.lang.Object, java.lang.Object, java.lang.Object, java.lang.Object)'> (0x000000008dc98358) thrown at [./src/hotspot/share/interpreter/linkResolver.cpp, line 773]
Event: 12.155 Thread 0x000001eefa819000 Exception <a 'java/lang/NoSuchMethodError'{0x000000008dd780c8}: 'int java.lang.invoke.DirectMethodHandle$Holder.invokeSpecial(java.lang.Object, java.lang.Object, java.lang.Object, java.lang.Object, java.lang.Object)'> (0x000000008dd780c8) thrown at [./src/hotspot/share/interpreter/linkResolver.cpp, line 773]
Event: 12.180 Thread 0x000001eefa819000 Exception <a 'java/lang/IncompatibleClassChangeError'{0x0000000090233868}: Found class java.lang.Object, but interface was expected> (0x0000000090233868) thrown at [./src/hotspot/share/interpreter/linkResolver.cpp, line 839]
Event: 12.180 Thread 0x000001eef78c6800 Exception <a 'java/lang/IncompatibleClassChangeError'{0x00000000904dcf98}: Found class java.lang.Object, but interface was expected> (0x00000000904dcf98) thrown at [./src/hotspot/share/interpreter/linkResolver.cpp, line 839]
Event: 12.181 Thread 0x000001eef78c6800 Exception <a 'java/lang/IncompatibleClassChangeError'{0x00000000901051e0}: Found class java.lang.Object, but interface was expected> (0x00000000901051e0) thrown at [./src/hotspot/share/interpreter/linkResolver.cpp, line 839]
Event: 12.181 Thread 0x000001eefa819000 Exception <a 'java/lang/IncompatibleClassChangeError'{0x0000000090236fd8}: Found class java.lang.Object, but interface was expected> (0x0000000090236fd8) thrown at [./src/hotspot/share/interpreter/linkResolver.cpp, line 839]
Event: 12.215 Thread 0x000001eefa819000 Exception <a 'java/lang/NoSuchMethodError'{0x000000008ded56b8}: 'void java.lang.invoke.DirectMethodHandle$Holder.invokeSpecial(java.lang.Object, java.lang.Object, int, java.lang.Object)'> (0x000000008ded56b8) thrown at [./src/hotspot/share/interpreter/linkResolver.cpp, line 773]
Event: 12.215 Thread 0x000001eef78c6800 Exception <a 'java/lang/NoSuchMethodError'{0x000000008de7e990}: 'void java.lang.invoke.DirectMethodHandle$Holder.invokeSpecial(java.lang.Object, java.lang.Object, int, java.lang.Object)'> (0x000000008de7e990) thrown at [./src/hotspot/share/interpreter/linkResolver.cpp, line 773]
Event: 12.286 Thread 0x000001eef78c6800 Exception <a 'java/lang/NoSuchMethodError'{0x000000008ef0b790}: 'int java.lang.invoke.DirectMethodHandle$Holder.invokeSpecial(java.lang.Object, java.lang.Object, java.lang.Object, int, java.lang.Object)'> (0x000000008ef0b790) thrown at [./src/hotspot/share/interpreter/linkResolver.cpp, line 773]
Event: 12.297 Thread 0x000001eefa819000 Exception <a 'java/lang/NoSuchMethodError'{0x000000008e7ff040}: 'java.lang.Object java.lang.invoke.DirectMethodHandle$Holder.newInvokeSpecial(java.lang.Object, int)'> (0x000000008e7ff040) thrown at [./src/hotspot/share/interpreter/linkResolver.cpp, line 773]
Event: 12.297 Thread 0x000001eef78bb000 Exception <a 'java/lang/NoSuchMethodError'{0x000000008f897198}: 'java.lang.Object java.lang.invoke.DirectMethodHandle$Holder.newInvokeSpecial(java.lang.Object, int)'> (0x000000008f897198) thrown at [./src/hotspot/share/interpreter/linkResolver.cpp, line 773]
Event: 12.297 Thread 0x000001eefa816800 Exception <a 'java/lang/NoSuchMethodError'{0x000000008ea6ea30}: 'java.lang.Object java.lang.invoke.DirectMethodHandle$Holder.newInvokeSpecial(java.lang.Object, int)'> (0x000000008ea6ea30) thrown at [./src/hotspot/share/interpreter/linkResolver.cpp, line 773]
Event: 12.297 Thread 0x000001eef78c6800 Exception <a 'java/lang/NoSuchMethodError'{0x000000008e9f9670}: 'java.lang.Object java.lang.invoke.DirectMethodHandle$Holder.newInvokeSpecial(java.lang.Object, int)'> (0x000000008e9f9670) thrown at [./src/hotspot/share/interpreter/linkResolver.cpp, line 773]

Events (20 events):
Event: 12.542 loading class com/android/tools/r8/code/N2 done
Event: 12.542 loading class com/android/tools/r8/code/P2
Event: 12.542 loading class com/android/tools/r8/code/P2 done
Event: 12.543 loading class com/android/tools/r8/code/R2
Event: 12.543 loading class com/android/tools/r8/code/R2 done
Event: 12.543 loading class com/android/tools/r8/code/Q2
Event: 12.543 loading class com/android/tools/r8/code/Q2 done
Event: 12.543 loading class com/android/tools/r8/code/S2
Event: 12.543 loading class com/android/tools/r8/code/S2 done
Event: 12.543 loading class com/android/tools/r8/code/O2
Event: 12.543 loading class com/android/tools/r8/code/O2 done
Event: 12.544 loading class com/android/tools/r8/graph/r0
Event: 12.544 loading class com/android/tools/r8/graph/r0 done
Event: 12.544 loading class com/android/tools/r8/internal/eO
Event: 12.544 loading class com/android/tools/r8/internal/eO done
Event: 12.544 loading class com/android/tools/r8/graph/r0
Event: 12.544 loading class com/android/tools/r8/graph/r0 done
Event: 12.597 Executing VM operation: ICBufferFull
Event: 12.597 Executing VM operation: ICBufferFull done
Event: 12.602 Executing VM operation: G1CollectForAllocation


Dynamic libraries:
0x00007ff79a850000 - 0x00007ff79a85a000 	C:\Program Files\Android\Android Studio\jre\bin\java.exe
0x00007ffae0f10000 - 0x00007ffae1124000 	C:\WINDOWS\SYSTEM32\ntdll.dll
0x00007ffadfbc0000 - 0x00007ffadfc82000 	C:\WINDOWS\System32\KERNEL32.DLL
0x00007ffade340000 - 0x00007ffade6dd000 	C:\WINDOWS\System32\KERNELBASE.dll
0x00007ffade9e0000 - 0x00007ffadeaf1000 	C:\WINDOWS\System32\ucrtbase.dll
0x00007ffaca5c0000 - 0x00007ffaca5d7000 	C:\Program Files\Android\Android Studio\jre\bin\VCRUNTIME140.dll
0x00007ffaca5e0000 - 0x00007ffaca5f9000 	C:\Program Files\Android\Android Studio\jre\bin\jli.dll
0x00007ffadff10000 - 0x00007ffae00ba000 	C:\WINDOWS\System32\USER32.dll
0x00007ffadec40000 - 0x00007ffadec66000 	C:\WINDOWS\System32\win32u.dll
0x00007ffac2090000 - 0x00007ffac231e000 	C:\WINDOWS\WinSxS\amd64_microsoft.windows.common-controls_6595b64144ccf1df_6.0.22621.608_none_a9444ca7c10bb01d\COMCTL32.dll
0x00007ffadf380000 - 0x00007ffadf3a9000 	C:\WINDOWS\System32\GDI32.dll
0x00007ffae0e20000 - 0x00007ffae0ec7000 	C:\WINDOWS\System32\msvcrt.dll
0x00007ffade8c0000 - 0x00007ffade9d2000 	C:\WINDOWS\System32\gdi32full.dll
0x00007ffadec70000 - 0x00007ffaded0a000 	C:\WINDOWS\System32\msvcp_win.dll
0x00007ffadf600000 - 0x00007ffadf632000 	C:\WINDOWS\System32\IMM32.DLL
0x00007ffac5930000 - 0x00007ffac59cd000 	C:\Program Files\Android\Android Studio\jre\bin\msvcp140.dll
0x00007ffa992b0000 - 0x00007ffa99db2000 	C:\Program Files\Android\Android Studio\jre\bin\server\jvm.dll
0x00007ffadf010000 - 0x00007ffadf0be000 	C:\WINDOWS\System32\ADVAPI32.dll
0x00007ffadf2c0000 - 0x00007ffadf364000 	C:\WINDOWS\System32\sechost.dll
0x00007ffadfc90000 - 0x00007ffadfda5000 	C:\WINDOWS\System32\RPCRT4.dll
0x00007ffadf5e0000 - 0x00007ffadf5e8000 	C:\WINDOWS\System32\PSAPI.DLL
0x00007ffad38c0000 - 0x00007ffad38ca000 	C:\WINDOWS\SYSTEM32\VERSION.dll
0x00007ffabe4c0000 - 0x00007ffabe4f4000 	C:\WINDOWS\SYSTEM32\WINMM.dll
0x00007ffac33d0000 - 0x00007ffac33d9000 	C:\WINDOWS\SYSTEM32\WSOCK32.dll
0x00007ffadf640000 - 0x00007ffadf6b1000 	C:\WINDOWS\System32\WS2_32.dll
0x00007ffadd370000 - 0x00007ffadd388000 	C:\WINDOWS\SYSTEM32\kernel.appcore.dll
0x00007ffa9a6f0000 - 0x00007ffa9a701000 	C:\Program Files\Android\Android Studio\jre\bin\verify.dll
0x00007ffadba60000 - 0x00007ffadbc8e000 	C:\WINDOWS\SYSTEM32\DBGHELP.DLL
0x00007ffae0a90000 - 0x00007ffae0e1a000 	C:\WINDOWS\System32\combase.dll
0x00007ffadfe30000 - 0x00007ffadff07000 	C:\WINDOWS\System32\OLEAUT32.dll
0x00007ffabfa60000 - 0x00007ffabfa92000 	C:\WINDOWS\SYSTEM32\dbgcore.DLL
0x00007ffadeb00000 - 0x00007ffadeb7b000 	C:\WINDOWS\System32\bcryptPrimitives.dll
0x00007ffa9a6c0000 - 0x00007ffa9a6e9000 	C:\Program Files\Android\Android Studio\jre\bin\java.dll
0x00007ffad24b0000 - 0x00007ffad24bb000 	C:\Program Files\Android\Android Studio\jre\bin\jimage.dll
0x00007ffa9a6a0000 - 0x00007ffa9a6b8000 	C:\Program Files\Android\Android Studio\jre\bin\zip.dll
0x00007ffae02b0000 - 0x00007ffae0a90000 	C:\WINDOWS\System32\SHELL32.dll
0x00007ffadc330000 - 0x00007ffadcbf5000 	C:\WINDOWS\SYSTEM32\windows.storage.dll
0x00007ffadc1f0000 - 0x00007ffadc32e000 	C:\WINDOWS\SYSTEM32\wintypes.dll
0x00007ffadf4e0000 - 0x00007ffadf5d1000 	C:\WINDOWS\System32\SHCORE.dll
0x00007ffadfb60000 - 0x00007ffadfbbe000 	C:\WINDOWS\System32\shlwapi.dll
0x00007ffade270000 - 0x00007ffade291000 	C:\WINDOWS\SYSTEM32\profapi.dll
0x00007ffa9a680000 - 0x00007ffa9a69a000 	C:\Program Files\Android\Android Studio\jre\bin\net.dll
0x00007ffad8c90000 - 0x00007ffad8dbf000 	C:\WINDOWS\SYSTEM32\WINHTTP.dll
0x00007ffadd7c0000 - 0x00007ffadd829000 	C:\WINDOWS\system32\mswsock.dll
0x00007ffa9a620000 - 0x00007ffa9a634000 	C:\Program Files\Android\Android Studio\jre\bin\nio.dll
0x00007ffad1c90000 - 0x00007ffad1cb7000 	C:\Users\Sergey\.gradle\native\e1d6ef7f7dcc3fd88c89a11ec53ec762bb8ba0a96d01ffa2cd45eb1d1d8dd5c5\windows-amd64\native-platform.dll
0x00007ffac3430000 - 0x00007ffac3574000 	C:\Users\Sergey\.gradle\native\5664cfc778a61ccfe75a443a1ab52a65af34e5dc3c78e0209fed803814484fcb\windows-amd64\native-platform-file-events.dll
0x00007ffab65c0000 - 0x00007ffab65ca000 	C:\Program Files\Android\Android Studio\jre\bin\management.dll
0x00007ffab62e0000 - 0x00007ffab62ed000 	C:\Program Files\Android\Android Studio\jre\bin\management_ext.dll
0x00007ffaddad0000 - 0x00007ffaddaeb000 	C:\WINDOWS\SYSTEM32\CRYPTSP.dll
0x00007ffadd2e0000 - 0x00007ffadd315000 	C:\WINDOWS\system32\rsaenh.dll
0x00007ffadd860000 - 0x00007ffadd888000 	C:\WINDOWS\SYSTEM32\USERENV.dll
0x00007ffaddd00000 - 0x00007ffaddd28000 	C:\WINDOWS\SYSTEM32\bcrypt.dll
0x00007ffaddab0000 - 0x00007ffaddabc000 	C:\WINDOWS\SYSTEM32\CRYPTBASE.dll
0x00007ffadce40000 - 0x00007ffadce6d000 	C:\WINDOWS\SYSTEM32\IPHLPAPI.DLL
0x00007ffadf5f0000 - 0x00007ffadf5f9000 	C:\WINDOWS\System32\NSI.dll
0x00007ffad70e0000 - 0x00007ffad70f9000 	C:\WINDOWS\SYSTEM32\dhcpcsvc6.DLL
0x00007ffad71e0000 - 0x00007ffad71ff000 	C:\WINDOWS\SYSTEM32\dhcpcsvc.DLL
0x00007ffadce70000 - 0x00007ffadcf62000 	C:\WINDOWS\SYSTEM32\DNSAPI.dll

dbghelp: loaded successfully - version: 4.0.5 - missing functions: none
symbol engine: initialized successfully - sym options: 0x614 - pdb path: .;C:\Program Files\Android\Android Studio\jre\bin;C:\WINDOWS\SYSTEM32;C:\WINDOWS\WinSxS\amd64_microsoft.windows.common-controls_6595b64144ccf1df_6.0.22621.608_none_a9444ca7c10bb01d;C:\Program Files\Android\Android Studio\jre\bin\server;C:\Users\Sergey\.gradle\native\e1d6ef7f7dcc3fd88c89a11ec53ec762bb8ba0a96d01ffa2cd45eb1d1d8dd5c5\windows-amd64;C:\Users\Sergey\.gradle\native\5664cfc778a61ccfe75a443a1ab52a65af34e5dc3c78e0209fed803814484fcb\windows-amd64

VM Arguments:
jvm_args: --add-opens=java.base/java.util=ALL-UNNAMED --add-opens=java.base/java.lang=ALL-UNNAMED --add-opens=java.base/java.lang.invoke=ALL-UNNAMED --add-opens=java.base/java.util=ALL-UNNAMED --add-opens=java.prefs/java.util.prefs=ALL-UNNAMED --add-opens=java.prefs/java.util.prefs=ALL-UNNAMED --add-opens=java.base/java.nio.charset=ALL-UNNAMED --add-opens=java.base/java.net=ALL-UNNAMED --add-opens=java.base/java.util.concurrent.atomic=ALL-UNNAMED -Xmx2048m -Dfile.encoding=UTF-8 -Duser.country=RU -Duser.language=ru -Duser.variant 
java_command: org.gradle.launcher.daemon.bootstrap.GradleDaemon 7.3.3
java_class_path (initial): C:\Users\Sergey\.gradle\wrapper\dists\gradle-7.3.3-bin\6a41zxkdtcxs8rphpq6y0069z\gradle-7.3.3\lib\gradle-launcher-7.3.3.jar
Launcher Type: SUN_STANDARD

[Global flags]
     intx CICompilerCount                          = 4                                         {product} {ergonomic}
     uint ConcGCThreads                            = 2                                         {product} {ergonomic}
     uint G1ConcRefinementThreads                  = 8                                         {product} {ergonomic}
   size_t G1HeapRegionSize                         = 1048576                                   {product} {ergonomic}
    uintx GCDrainStackTargetSize                   = 64                                        {product} {ergonomic}
   size_t InitialHeapSize                          = 130023424                                 {product} {ergonomic}
   size_t MarkStackSize                            = 4194304                                   {product} {ergonomic}
   size_t MaxHeapSize                              = 2147483648                                {product} {command line}
   size_t MaxNewSize                               = 1287651328                                {product} {ergonomic}
   size_t MinHeapDeltaBytes                        = 1048576                                   {product} {ergonomic}
    uintx NonNMethodCodeHeapSize                   = 5836300                                {pd product} {ergonomic}
    uintx NonProfiledCodeHeapSize                  = 122910970                              {pd product} {ergonomic}
    uintx ProfiledCodeHeapSize                     = 122910970                              {pd product} {ergonomic}
    uintx ReservedCodeCacheSize                    = 251658240                              {pd product} {ergonomic}
     bool SegmentedCodeCache                       = true                                      {product} {ergonomic}
     bool UseCompressedClassPointers               = true                                 {lp64_product} {ergonomic}
     bool UseCompressedOops                        = true                                 {lp64_product} {ergonomic}
     bool UseG1GC                                  = true                                      {product} {ergonomic}
     bool UseLargePagesIndividualAllocation        = false                                  {pd product} {ergonomic}

Logging:
Log output configuration:
 #0: stdout all=warning uptime,level,tags
 #1: stderr all=off uptime,level,tags

Environment Variables:
PATH=C:\Program Files\Common Files\Oracle\Java\javapath;C:\WINDOWS\system32;C:\WINDOWS;C:\WINDOWS\System32\Wbem;C:\WINDOWS\System32\WindowsPowerShell\v1.0\;C:\WINDOWS\System32\OpenSSH\;C:\Program Files\Git\cmd;C:\Users\Sergey\AppData\Local\Microsoft\WindowsApps;
USERNAME=SERGEY
OS=Windows_NT
PROCESSOR_IDENTIFIER=Intel64 Family 6 Model 140 Stepping 2, GenuineIntel



---------------  S Y S T E M  ---------------

OS: Windows 11 , 64 bit Build 22621 (10.0.22621.755)
OS uptime: 0 days 2:49 hours
Hyper-V role detected

CPU:total 8 (initial active 8) (4 cores per cpu, 2 threads per core) family 6 model 140 stepping 2 microcode 0x16, cmov, cx8, fxsr, mmx, sse, sse2, sse3, ssse3, sse4.1, sse4.2, popcnt, avx, avx2, aes, clmul, erms, 3dnowpref, lzcnt, ht, tsc, tscinvbit, bmi1, bmi2, adx, evex, sha, fma

Memory: 4k page, system-wide physical 7894M (259M free)
TotalPageFile size 7894M (AvailPageFile size 8M)
current process WorkingSet (physical memory assigned to process): 579M, peak: 581M
current process commit charge ("private bytes"): 667M, peak: 834M

vm_info: OpenJDK 64-Bit Server VM (11.0.13+0-b1751.21-8125866) for windows-amd64 JRE (11.0.13+0-b1751.21-8125866), built on Feb  2 2022 03:00:22 by "builder" with MS VC++ 14.0 (VS2015)

END.
